VM2037:1 Console was cleared
undefined
console.log(ancestry.filter(function(person) {
    return person.father == "Carel Haverbeke";
}));
VM2054:1 [{…}]
undefined
var ANCESTRY_FILE = JSON.stringify([
  {"name": "Carolus Haverbeke", "sex": "m", "born": 1832, "died": 1905, "father": "Carel Haverbeke", "mother": "Maria van Brussel"},
  {"name": "Emma de Milliano", "sex": "f", "born": 1876, "died": 1956, "father": "Petrus de Milliano", "mother": "Sophia van Damme"},
  {"name": "Maria de Rycke", "sex": "f", "born": 1683, "died": 1724, "father": "Frederik de Rycke", "mother": "Laurentia van Vlaenderen"},
  {"name": "Jan van Brussel", "sex": "m", "born": 1714, "died": 1748, "father": "Jacobus van Brussel", "mother": "Joanna van Rooten"},
  {"name": "Philibert Haverbeke", "sex": "m", "born": 1907, "died": 1997, "father": "Emile Haverbeke", "mother": "Emma de Milliano"},
  {"name": "Jan Frans van Brussel", "sex": "m", "born": 1761, "died": 1833, "father": "Jacobus Bernardus van Brussel", "mother":null},
  {"name": "Pauwels van Haverbeke", "sex": "m", "born": 1535, "died": 1582, "father": "N. van Haverbeke", "mother":null},
  {"name": "Clara Aernoudts", "sex": "f", "born": 1918, "died": 2012, "father": "Henry Aernoudts", "mother": "Sidonie Coene"},
  {"name": "Emile Haverbeke", "sex": "m", "born": 1877, "died": 1968, "father": "Carolus Haverbeke", "mother": "Maria Sturm"},
  {"name": "Lieven de Causmaecker", "sex": "m", "born": 1696, "died": 1724, "father": "Carel de Causmaecker", "mother": "Joanna Claes"},
  {"name": "Pieter Haverbeke", "sex": "m", "born": 1602, "died": 1642, "father": "Lieven van Haverbeke", "mother":null},
  {"name": "Livina Haverbeke", "sex": "f", "born": 1692, "died": 1743, "father": "Daniel Haverbeke", "mother": "Joanna de Pape"},
  {"name": "Pieter Bernard Haverbeke", "sex": "m", "born": 1695, "died": 1762, "father": "Willem Haverbeke", "mother": "Petronella Wauters"},
  {"name": "Lieven van Haverbeke", "sex": "m", "born": 1570, "died": 1636, "father": "Pauwels van Haverbeke", "mother": "Lievijne Jans"},
  {"name": "Joanna de Causmaecker", "sex": "f", "born": 1762, "died": 1807, "father": "Bernardus de Causmaecker", "mother":null},
  {"name": "Willem Haverbeke", "sex": "m", "born": 1668, "died": 1731, "father": "Lieven Haverbeke", "mother": "Elisabeth Hercke"},
  {"name": "Pieter Antone Haverbeke", "sex": "m", "born": 1753, "died": 1798, "father": "Jan Francies Haverbeke", "mother": "Petronella de Decker"},
  {"name": "Maria van Brussel", "sex": "f", "born": 1801, "died": 1834, "father": "Jan Frans van Brussel", "mother": "Joanna de Causmaecker"},
  {"name": "Angela Haverbeke", "sex": "f", "born": 1728, "died": 1734, "father": "Pieter Bernard Haverbeke", "mother": "Livina de Vrieze"},
  {"name": "Elisabeth Haverbeke", "sex": "f", "born": 1711, "died": 1754, "father": "Jan Haverbeke", "mother": "Maria de Rycke"},
  {"name": "Lievijne Jans", "sex": "f", "born": 1542, "died": 1582, "father":null, "mother":null},
  {"name": "Bernardus de Causmaecker", "sex": "m", "born": 1721, "died": 1789, "father": "Lieven de Causmaecker", "mother": "Livina Haverbeke"},
  {"name": "Jacoba Lammens", "sex": "f", "born": 1699, "died": 1740, "father": "Lieven Lammens", "mother": "Livina de Vrieze"},
  {"name": "Pieter de Decker", "sex": "m", "born": 1705, "died": 1780, "father": "Joos de Decker", "mother": "Petronella van de Steene"},
  {"name": "Joanna de Pape", "sex": "f", "born": 1654, "died": 1723, "father": "Vincent de Pape", "mother": "Petronella Wauters"},
  {"name": "Daniel Haverbeke", "sex": "m", "born": 1652, "died": 1723, "father": "Lieven Haverbeke", "mother": "Elisabeth Hercke"},
  {"name": "Lieven Haverbeke", "sex": "m", "born": 1631, "died": 1676, "father": "Pieter Haverbeke", "mother": "Anna van Hecke"},
  {"name": "Martina de Pape", "sex": "f", "born": 1666, "died": 1727, "father": "Vincent de Pape", "mother": "Petronella Wauters"},
  {"name": "Jan Francies Haverbeke", "sex": "m", "born": 1725, "died": 1779, "father": "Pieter Bernard Haverbeke", "mother": "Livina de Vrieze"},
  {"name": "Maria Haverbeke", "sex": "m", "born": 1905, "died": 1997, "father": "Emile Haverbeke", "mother": "Emma de Milliano"},
  {"name": "Petronella de Decker", "sex": "f", "born": 1731, "died": 1781, "father": "Pieter de Decker", "mother": "Livina Haverbeke"},
  {"name": "Livina Sierens", "sex": "f", "born": 1761, "died": 1826, "father": "Jan Sierens", "mother": "Maria van Waes"},
  {"name": "Laurentia Haverbeke", "sex": "f", "born": 1710, "died": 1786, "father": "Jan Haverbeke", "mother": "Maria de Rycke"},
  {"name": "Carel Haverbeke", "sex": "m", "born": 1796, "died": 1837, "father": "Pieter Antone Haverbeke", "mother": "Livina Sierens"},
  {"name": "Elisabeth Hercke", "sex": "f", "born": 1632, "died": 1674, "father": "Willem Hercke", "mother": "Margriet de Brabander"},
  {"name": "Jan Haverbeke", "sex": "m", "born": 1671, "died": 1731, "father": "Lieven Haverbeke", "mother": "Elisabeth Hercke"},
  {"name": "Anna van Hecke", "sex": "f", "born": 1607, "died": 1670, "father": "Paschasius van Hecke", "mother": "Martijntken Beelaert"},
  {"name": "Maria Sturm", "sex": "f", "born": 1835, "died": 1917, "father": "Charles Sturm", "mother": "Seraphina Spelier"},
  {"name": "Jacobus Bernardus van Brussel", "sex": "m", "born": 1736, "died": 1809, "father": "Jan van Brussel", "mother": "Elisabeth Haverbeke"}
])

// This makes sure the data is exported in node.js —
// `require("./path/to/ancestry.js")` will get you the array.
if (typeof module != "undefined" && module.exports)
  module.exports = ANCESTRY_FILE;
undefined
var ancestry = JSON.parse(ANCESTRY_FILE);
undefined
console.log(ancestry.length);
VM2059:1 39
undefined
function filter(array, test) {
    var passed = [];
    for (var i = 0; i < array.length; i++) {
        if (test(array[i]))
            passed.push(array[i]Ö;
VM2060:5 Uncaught SyntaxError: missing ) after argument list
function filter(array, test) {
    var passed = [];
    for (var i = 0; i < array.length; i++) {
        if (test(array[i]))
            passed.push(array[i]);
    }
    return passed;
}
undefined
console.log(filter(ancestry, function(person) {return person.born > 1900 && person.born < 1925;}));
VM2063:1 (3) [{…}, {…}, {…}]
undefined
//my question is, how I could apply the forEach instead of for (;;) in the filter function...
undefined
function filter2(array, test) {
    var passed = [];
    array.forEach(function(thisArg){if(test) passed.push(thisArg);
                                   })
    return passed;
}
undefined
console.log(filter(ancestry, function(person) {return person.born > 1900 && person.born < 1925;}));
VM2069:1 (3) [{…}, {…}, {…}]
undefined
console.log(filter2(ancestry, function(person) {return person.born > 1900 && person.born < 1925;}));
VM2071:1 (39) [{…}, {…}, {…}, {…}, {…}, {…}, {…}, {…}, {…}, {…}, {…}, {…}, {…}, {…}, {…}, {…}, {…}, {…}, {…}, {…}, {…}, {…}, {…}, {…}, {…}, {…}, {…}, {…}, {…}, {…}, {…}, {…}, {…}, {…}, {…}, {…}, {…}, {…}, {…}]
undefined
function filter2(array, test) {
    var passed = [];
    array.forEach(function(thisArg) {
		if (test(thisArg))
			passed.push(thisArg);
	}
    return passed;
}
VM2073:6 Uncaught SyntaxError: missing ) after argument list
function filter2(array, test) {
    var passed = [];
    array.forEach(function(thisArg) {
		if (test(thisArg))
			passed.push(thisArg);
	});
    return passed;
}
undefined
console.log(filter2(ancestry, function(person) {return person.born > 1900 && person.born < 1925;}));
VM2076:1 (3) [{…}, {…}, {…}]
undefined
console.log(filter(ancestry, function(person) {return person.born > 1900 && person.born < 1925;}));
VM2078:1 (3) [{…}, {…}, {…}]
undefined
var objTest1= filter(ancestry, function(person) {return person.born > 1900 && person.born < 1925;});
undefined
var objTest2= filter2(ancestry, function(person) {return person.born > 1900 && person.born < 1925;});
undefined
objTest1 === objTest2
false
function deepEqual(arg1, arg2){
	if(typeof arg1 == "object" && arg1 != null && typeof arg2 == "object" && arg2 != null) {
		for(each in arg1){
			return deepEqual(arg1[each],arg2[each]);
		}
	} else {
		return arg1 === arg2;
    }
}
undefined
deepEqual(objTest1, objTest2);
true
//wooooooow.... I made it :o)
undefined
console.log(ancestry.filter(finction(person) {
VM2107:1 Uncaught SyntaxError: missing ) after argument list
console.log(ancestry.filter(function(person) {
    return person.father == "Carel Haverbeke";
}));
VM2124:1 [{…}]0: {name: "Carolus Haverbeke", sex: "m", born: 1832, died: 1905, father: "Carel Haverbeke", …}length: 1__proto__: Array(0)
undefined
function map(array, transform) {
    var mapped = [];
    for (var i = 0; i < array.length; i++)
        mapped.push(transform(array[i]));
    return mapped;
}
undefined
var overNinety = ancestry.filter(function(person) {
    return person.died - person.born > 90;
});
undefined
console.log(map(overNinety, function(person) {
    return person.name;
}));
VM2453:1 (3) ["Clara Aernoudts", "Emile Haverbeke", "Maria Haverbeke"]
undefined
// Now, let's make this work with forEach too (need to find the place for thisArg)
undefined
function map2(array, transform) {
    var mapped = [];
    array.forEach (var i = 0; i < array.length; i++)
        mapped.push(transform(array[i]));
    return mapped;
}
VM2479:3 Uncaught SyntaxError: Unexpected token var
function map2(array, transform) {
    var mapped = [];
    array.forEach(function(thisArg) {
		mapped.push(thisArg);
    };
    return mapped;
}
VM2548:5 Uncaught SyntaxError: missing ) after argument list
function map2(array, transform) {
    var mapped = [];
    array.forEach(function(thisArg) {
		mapped.push(thisArg);
    });
    return mapped;
}
undefined
console.log(map2(overNinety, function(person) {
    return person.name;
}));
VM2554:1 (3) [{…}, {…}, {…}]0: {name: "Clara Aernoudts", sex: "f", born: 1918, died: 2012, father: "Henry Aernoudts", …}1: {name: "Emile Haverbeke", sex: "m", born: 1877, died: 1968, father: "Carolus Haverbeke", …}2: {name: "Maria Haverbeke", sex: "m", born: 1905, died: 1997, father: "Emile Haverbeke", …}length: 3__proto__: Array(0)
undefined
function map2(array, transform) {
    var mapped = [];
    array.forEach(function(thisArg) {
		mapped.push(transform(thisArg));
    });
    return mapped;
}
undefined
console.log(map2(overNinety, function(person) {
    return person.name;
}));
VM2576:1 (3) ["Clara Aernoudts", "Emile Haverbeke", "Maria Haverbeke"]
undefined
//worked... I am not sure if I will be able to repeat it on demand, but at least I figured it out twice already. Moving on...
undefined
function reduce(array, combine, start) {
    car current = start;
VM2618:2 Uncaught SyntaxError: Unexpected identifier
function reduce(array, combine, start) {
    var current = start;
VM2621:2 Uncaught SyntaxError: Unexpected end of input
function reduce(array, combine, start) {
    var current = start;
    for (var i = 0; i < array.length; i++)
        current = combine(current, array[i]);
    return current;
}
undefined
console.log(reduce([1,2,3,4], function (a,b) {
    return a+b;
}, 0));
VM2827:1 10
undefined
console.log(reduce([1,2,3,4], function (a,b) {
    return a+b;
}, 1));
VM2828:1 11
undefined
console.log(reduce([1,2,3,4], function (a,b) {
    return a+b;
}, -1));
VM2829:1 9
undefined
console.log(reduce([1,2,3,4], function (a,b) {
    return a+b;
}));
VM2832:1 NaN
undefined
console.log(reduce([1,2,3,4], function (a,b) {
    return a+b;
}),0);
VM2833:1 NaN 0
undefined
console.log(reduce([1,2,3,4], function (a,b) {
    return a+b;
},0));
VM2836:1 10
undefined
//let's try again the same with forEach
undefined
function reduce2(array, combine, start) {
    var current = start;
    array.forEach(function(thisArg){
        current = combine(current, thisArg);
    return current;
}
VM2920:6 Uncaught SyntaxError: missing ) after argument list
function reduce2(array, combine, start) {
    var current = start;
    array.forEach(function(thisArg){
        current = combine(current, thisArg);
    };
    return current;
}
VM2921:5 Uncaught SyntaxError: missing ) after argument list
function reduce2(array, combine, start) {
    var current = start;
    array.forEach(function(thisArg){
        current = combine(current, thisArg);
    });
    return current;
}
undefined
console.log(reduce2([1,2,3,4], function (a,b) {
    return a+b;
},0));
VM2927:1 10
undefined
console.log(reduce2([1,2,3,4], function (a,b) {
    return a+b;
},12));
VM2928:1 22
undefined
// okay, it worked...
undefined
console.log(reduce2([1,2,3,4], function (a,b) {
    return a-b;
},12));
VM2933:1 2
undefined
console.log(reduce2([1,2,3,4], function (a,b) {
    return a * b;
},1));
VM2938:1 24
undefined
console.log(reduce2([1,2,3,4], function (a,b) {
    return a * b;
},0));
VM2939:1 0
undefined
console.log(reduce2([1,2,3,4], function (a,b) {
    return a / b;
},0));
VM2940:1 0
undefined
console.log(reduce2([1,2,3,4], function (a,b) {
    return a / b;
},1));
VM2941:1 0.041666666666666664
undefined
console.log(ancestry.reduce(ffunction(min, cur) {
VM2996:1 Uncaught SyntaxError: missing ) after argument list
console.log(ancestry.reduce(function(min, cur) {
    if (cur.born < min.born) return cur;
    else return min;
}));
VM3087:1 {name: "Pauwels van Haverbeke", sex: "m", born: 1535, died: 1582, father: "N. van Haverbeke", …}born: 1535died: 1582father: "N. van Haverbeke"mother: nullname: "Pauwels van Haverbeke"sex: "m"__proto__: Object
undefined
var min = ancestry[0];
undefined
for  (var i = 1; i < ancestry.length; i++) {
    var cur = ancestry[i];
    if (cur.born < min.born)
        min = cur;
}
undefined
console.log(min);
VM3271:1 {name: "Pauwels van Haverbeke", sex: "m", born: 1535, died: 1582, father: "N. van Haverbeke", …}
undefined
function average(array) {
    return reduce(array, function(a,b) {
        return a + b;
    },0) / map(array).length;
}
undefined
//now this one was my idea. Let's rename it to average2 and type the one from the book as is again.
undefined
function average2(array) {
    return reduce(array, function(a,b) {
        return a + b;
    },0) / map(array).length;
}
undefined
//cause I am sure it is bad because of the map(array).length part... We will see what it does
undefined
function average(array) {
    function plus(a, b) {return a + b; }
    return array.reduce(plus) / array.length;
}
undefined
function age(p) { return p.died - p.born; };
undefined
function male(p) (return p.sex == "m" }
VM3821:1 Uncaught SyntaxError: Unexpected token (
function male(p) {return p.sex == "m" }
undefined
function female(p) {return p.sex == "f";}
undefined
console.log(average(ancestry.filter(male).map(age)));
VM3925:1 61.666666666666664
undefined
console.log(average(ancestry.filter(female).map(age)));
VM3930:1 54.55555555555556
undefined
console.log(average2(ancestry.filter(female).map(age)));
VM2272:4 Uncaught TypeError: transform is not a function
    at map (<anonymous>:4:21)
    at average2 (<anonymous>:4:12)
    at <anonymous>:1:13
map @ VM2272:4
average2 @ VM3606:4
(anonymous) @ VM3937:1
ancestry
(39) [{…}, {…}, {…}, {…}, {…}, {…}, {…}, {…}, {…}, {…}, {…}, {…}, {…}, {…}, {…}, {…}, {…}, {…}, {…}, {…}, {…}, {…}, {…}, {…}, {…}, {…}, {…}, {…}, {…}, {…}, {…}, {…}, {…}, {…}, {…}, {…}, {…}, {…}, {…}]0: {name: "Carolus Haverbeke", sex: "m", born: 1832, died: 1905, father: "Carel Haverbeke", …}1: {name: "Emma de Milliano", sex: "f", born: 1876, died: 1956, father: "Petrus de Milliano", …}2: {name: "Maria de Rycke", sex: "f", born: 1683, died: 1724, father: "Frederik de Rycke", …}3: {name: "Jan van Brussel", sex: "m", born: 1714, died: 1748, father: "Jacobus van Brussel", …}4: {name: "Philibert Haverbeke", sex: "m", born: 1907, died: 1997, father: "Emile Haverbeke", …}5: {name: "Jan Frans van Brussel", sex: "m", born: 1761, died: 1833, father: "Jacobus Bernardus van Brussel", …}6: {name: "Pauwels van Haverbeke", sex: "m", born: 1535, died: 1582, father: "N. van Haverbeke", …}7: {name: "Clara Aernoudts", sex: "f", born: 1918, died: 2012, father: "Henry Aernoudts", …}8: {name: "Emile Haverbeke", sex: "m", born: 1877, died: 1968, father: "Carolus Haverbeke", …}9: {name: "Lieven de Causmaecker", sex: "m", born: 1696, died: 1724, father: "Carel de Causmaecker", …}10: {name: "Pieter Haverbeke", sex: "m", born: 1602, died: 1642, father: "Lieven van Haverbeke", …}11: {name: "Livina Haverbeke", sex: "f", born: 1692, died: 1743, father: "Daniel Haverbeke", …}12: {name: "Pieter Bernard Haverbeke", sex: "m", born: 1695, died: 1762, father: "Willem Haverbeke", …}13: {name: "Lieven van Haverbeke", sex: "m", born: 1570, died: 1636, father: "Pauwels van Haverbeke", …}14: {name: "Joanna de Causmaecker", sex: "f", born: 1762, died: 1807, father: "Bernardus de Causmaecker", …}15: {name: "Willem Haverbeke", sex: "m", born: 1668, died: 1731, father: "Lieven Haverbeke", …}16: {name: "Pieter Antone Haverbeke", sex: "m", born: 1753, died: 1798, father: "Jan Francies Haverbeke", …}17: {name: "Maria van Brussel", sex: "f", born: 1801, died: 1834, father: "Jan Frans van Brussel", …}18: {name: "Angela Haverbeke", sex: "f", born: 1728, died: 1734, father: "Pieter Bernard Haverbeke", …}19: {name: "Elisabeth Haverbeke", sex: "f", born: 1711, died: 1754, father: "Jan Haverbeke", …}20: {name: "Lievijne Jans", sex: "f", born: 1542, died: 1582, father: null, …}21: {name: "Bernardus de Causmaecker", sex: "m", born: 1721, died: 1789, father: "Lieven de Causmaecker", …}22: {name: "Jacoba Lammens", sex: "f", born: 1699, died: 1740, father: "Lieven Lammens", …}23: {name: "Pieter de Decker", sex: "m", born: 1705, died: 1780, father: "Joos de Decker", …}24: {name: "Joanna de Pape", sex: "f", born: 1654, died: 1723, father: "Vincent de Pape", …}25: {name: "Daniel Haverbeke", sex: "m", born: 1652, died: 1723, father: "Lieven Haverbeke", …}26: {name: "Lieven Haverbeke", sex: "m", born: 1631, died: 1676, father: "Pieter Haverbeke", …}27: {name: "Martina de Pape", sex: "f", born: 1666, died: 1727, father: "Vincent de Pape", …}28: {name: "Jan Francies Haverbeke", sex: "m", born: 1725, died: 1779, father: "Pieter Bernard Haverbeke", …}29: {name: "Maria Haverbeke", sex: "m", born: 1905, died: 1997, father: "Emile Haverbeke", …}30: {name: "Petronella de Decker", sex: "f", born: 1731, died: 1781, father: "Pieter de Decker", …}31: {name: "Livina Sierens", sex: "f", born: 1761, died: 1826, father: "Jan Sierens", …}32: {name: "Laurentia Haverbeke", sex: "f", born: 1710, died: 1786, father: "Jan Haverbeke", …}33: {name: "Carel Haverbeke", sex: "m", born: 1796, died: 1837, father: "Pieter Antone Haverbeke", …}34: {name: "Elisabeth Hercke", sex: "f", born: 1632, died: 1674, father: "Willem Hercke", …}35: {name: "Jan Haverbeke", sex: "m", born: 1671, died: 1731, father: "Lieven Haverbeke", …}36: {name: "Anna van Hecke", sex: "f", born: 1607, died: 1670, father: "Paschasius van Hecke", …}37: {name: "Maria Sturm", sex: "f", born: 1835, died: 1917, father: "Charles Sturm", …}38: {name: "Jacobus Bernardus van Brussel", sex: "m", born: 1736, died: 1809, father: "Jan van Brussel", …}length: 39__proto__: Array(0)
