newtab?ie=UTF-8:7 SW registered
var ANCESTRY_FILE = JSON.stringify([
  {"name": "Carolus Haverbeke", "sex": "m", "born": 1832, "died": 1905, "father": "Carel Haverbeke", "mother": "Maria van Brussel"},
  {"name": "Emma de Milliano", "sex": "f", "born": 1876, "died": 1956, "father": "Petrus de Milliano", "mother": "Sophia van Damme"},
  {"name": "Maria de Rycke", "sex": "f", "born": 1683, "died": 1724, "father": "Frederik de Rycke", "mother": "Laurentia van Vlaenderen"},
  {"name": "Jan van Brussel", "sex": "m", "born": 1714, "died": 1748, "father": "Jacobus van Brussel", "mother": "Joanna van Rooten"},
  {"name": "Philibert Haverbeke", "sex": "m", "born": 1907, "died": 1997, "father": "Emile Haverbeke", "mother": "Emma de Milliano"},
  {"name": "Jan Frans van Brussel", "sex": "m", "born": 1761, "died": 1833, "father": "Jacobus Bernardus van Brussel", "mother":null},
  {"name": "Pauwels van Haverbeke", "sex": "m", "born": 1535, "died": 1582, "father": "N. van Haverbeke", "mother":null},
  {"name": "Clara Aernoudts", "sex": "f", "born": 1918, "died": 2012, "father": "Henry Aernoudts", "mother": "Sidonie Coene"},
  {"name": "Emile Haverbeke", "sex": "m", "born": 1877, "died": 1968, "father": "Carolus Haverbeke", "mother": "Maria Sturm"},
  {"name": "Lieven de Causmaecker", "sex": "m", "born": 1696, "died": 1724, "father": "Carel de Causmaecker", "mother": "Joanna Claes"},
  {"name": "Pieter Haverbeke", "sex": "m", "born": 1602, "died": 1642, "father": "Lieven van Haverbeke", "mother":null},
  {"name": "Livina Haverbeke", "sex": "f", "born": 1692, "died": 1743, "father": "Daniel Haverbeke", "mother": "Joanna de Pape"},
  {"name": "Pieter Bernard Haverbeke", "sex": "m", "born": 1695, "died": 1762, "father": "Willem Haverbeke", "mother": "Petronella Wauters"},
  {"name": "Lieven van Haverbeke", "sex": "m", "born": 1570, "died": 1636, "father": "Pauwels van Haverbeke", "mother": "Lievijne Jans"},
  {"name": "Joanna de Causmaecker", "sex": "f", "born": 1762, "died": 1807, "father": "Bernardus de Causmaecker", "mother":null},
  {"name": "Willem Haverbeke", "sex": "m", "born": 1668, "died": 1731, "father": "Lieven Haverbeke", "mother": "Elisabeth Hercke"},
  {"name": "Pieter Antone Haverbeke", "sex": "m", "born": 1753, "died": 1798, "father": "Jan Francies Haverbeke", "mother": "Petronella de Decker"},
  {"name": "Maria van Brussel", "sex": "f", "born": 1801, "died": 1834, "father": "Jan Frans van Brussel", "mother": "Joanna de Causmaecker"},
  {"name": "Angela Haverbeke", "sex": "f", "born": 1728, "died": 1734, "father": "Pieter Bernard Haverbeke", "mother": "Livina de Vrieze"},
  {"name": "Elisabeth Haverbeke", "sex": "f", "born": 1711, "died": 1754, "father": "Jan Haverbeke", "mother": "Maria de Rycke"},
  {"name": "Lievijne Jans", "sex": "f", "born": 1542, "died": 1582, "father":null, "mother":null},
  {"name": "Bernardus de Causmaecker", "sex": "m", "born": 1721, "died": 1789, "father": "Lieven de Causmaecker", "mother": "Livina Haverbeke"},
  {"name": "Jacoba Lammens", "sex": "f", "born": 1699, "died": 1740, "father": "Lieven Lammens", "mother": "Livina de Vrieze"},
  {"name": "Pieter de Decker", "sex": "m", "born": 1705, "died": 1780, "father": "Joos de Decker", "mother": "Petronella van de Steene"},
  {"name": "Joanna de Pape", "sex": "f", "born": 1654, "died": 1723, "father": "Vincent de Pape", "mother": "Petronella Wauters"},
  {"name": "Daniel Haverbeke", "sex": "m", "born": 1652, "died": 1723, "father": "Lieven Haverbeke", "mother": "Elisabeth Hercke"},
  {"name": "Lieven Haverbeke", "sex": "m", "born": 1631, "died": 1676, "father": "Pieter Haverbeke", "mother": "Anna van Hecke"},
  {"name": "Martina de Pape", "sex": "f", "born": 1666, "died": 1727, "father": "Vincent de Pape", "mother": "Petronella Wauters"},
  {"name": "Jan Francies Haverbeke", "sex": "m", "born": 1725, "died": 1779, "father": "Pieter Bernard Haverbeke", "mother": "Livina de Vrieze"},
  {"name": "Maria Haverbeke", "sex": "m", "born": 1905, "died": 1997, "father": "Emile Haverbeke", "mother": "Emma de Milliano"},
  {"name": "Petronella de Decker", "sex": "f", "born": 1731, "died": 1781, "father": "Pieter de Decker", "mother": "Livina Haverbeke"},
  {"name": "Livina Sierens", "sex": "f", "born": 1761, "died": 1826, "father": "Jan Sierens", "mother": "Maria van Waes"},
  {"name": "Laurentia Haverbeke", "sex": "f", "born": 1710, "died": 1786, "father": "Jan Haverbeke", "mother": "Maria de Rycke"},
  {"name": "Carel Haverbeke", "sex": "m", "born": 1796, "died": 1837, "father": "Pieter Antone Haverbeke", "mother": "Livina Sierens"},
  {"name": "Elisabeth Hercke", "sex": "f", "born": 1632, "died": 1674, "father": "Willem Hercke", "mother": "Margriet de Brabander"},
  {"name": "Jan Haverbeke", "sex": "m", "born": 1671, "died": 1731, "father": "Lieven Haverbeke", "mother": "Elisabeth Hercke"},
  {"name": "Anna van Hecke", "sex": "f", "born": 1607, "died": 1670, "father": "Paschasius van Hecke", "mother": "Martijntken Beelaert"},
  {"name": "Maria Sturm", "sex": "f", "born": 1835, "died": 1917, "father": "Charles Sturm", "mother": "Seraphina Spelier"},
  {"name": "Jacobus Bernardus van Brussel", "sex": "m", "born": 1736, "died": 1809, "father": "Jan van Brussel", "mother": "Elisabeth Haverbeke"}
])

// This makes sure the data is exported in node.js —
// `require("./path/to/ancestry.js")` will get you the array.
if (typeof module != "undefined" && module.exports)
  module.exports = ANCESTRY_FILE;
undefined
var ancestry = JSON.parse(ANCESTRY_FILE);
undefined
var byName = {};
ancestry.forEach(function(person) {
  byName[person.name] = person;
});
undefined
byName
{Carolus Haverbeke: {…}, Emma de Milliano: {…}, Maria de Rycke: {…}, Jan van Brussel: {…}, Philibert Haverbeke: {…}, …}Angela Haverbeke: born: 1728died: 1734father: "Pieter Bernard Haverbeke"mother: "Livina de Vrieze"name: "Angela Haverbeke"sex: "f"__proto__: ObjectAnna van Hecke: {name: "Anna van Hecke", sex: "f", born: 1607, died: 1670, father: "Paschasius van Hecke", …}Bernardus de Causmaecker: {name: "Bernardus de Causmaecker", sex: "m", born: 1721, died: 1789, father: "Lieven de Causmaecker", …}Carel Haverbeke: {name: "Carel Haverbeke", sex: "m", born: 1796, died: 1837, father: "Pieter Antone Haverbeke", …}Carolus Haverbeke: {name: "Carolus Haverbeke", sex: "m", born: 1832, died: 1905, father: "Carel Haverbeke", …}Clara Aernoudts: {name: "Clara Aernoudts", sex: "f", born: 1918, died: 2012, father: "Henry Aernoudts", …}Daniel Haverbeke: {name: "Daniel Haverbeke", sex: "m", born: 1652, died: 1723, father: "Lieven Haverbeke", …}Elisabeth Haverbeke: {name: "Elisabeth Haverbeke", sex: "f", born: 1711, died: 1754, father: "Jan Haverbeke", …}Elisabeth Hercke: {name: "Elisabeth Hercke", sex: "f", born: 1632, died: 1674, father: "Willem Hercke", …}Emile Haverbeke: {name: "Emile Haverbeke", sex: "m", born: 1877, died: 1968, father: "Carolus Haverbeke", …}Emma de Milliano: {name: "Emma de Milliano", sex: "f", born: 1876, died: 1956, father: "Petrus de Milliano", …}Jacoba Lammens: {name: "Jacoba Lammens", sex: "f", born: 1699, died: 1740, father: "Lieven Lammens", …}Jacobus Bernardus van Brussel: {name: "Jacobus Bernardus van Brussel", sex: "m", born: 1736, died: 1809, father: "Jan van Brussel", …}Jan Francies Haverbeke: {name: "Jan Francies Haverbeke", sex: "m", born: 1725, died: 1779, father: "Pieter Bernard Haverbeke", …}Jan Frans van Brussel: {name: "Jan Frans van Brussel", sex: "m", born: 1761, died: 1833, father: "Jacobus Bernardus van Brussel", …}Jan Haverbeke: {name: "Jan Haverbeke", sex: "m", born: 1671, died: 1731, father: "Lieven Haverbeke", …}Jan van Brussel: {name: "Jan van Brussel", sex: "m", born: 1714, died: 1748, father: "Jacobus van Brussel", …}Joanna de Causmaecker: {name: "Joanna de Causmaecker", sex: "f", born: 1762, died: 1807, father: "Bernardus de Causmaecker", …}Joanna de Pape: {name: "Joanna de Pape", sex: "f", born: 1654, died: 1723, father: "Vincent de Pape", …}Laurentia Haverbeke: {name: "Laurentia Haverbeke", sex: "f", born: 1710, died: 1786, father: "Jan Haverbeke", …}Lieven Haverbeke: {name: "Lieven Haverbeke", sex: "m", born: 1631, died: 1676, father: "Pieter Haverbeke", …}Lieven de Causmaecker: {name: "Lieven de Causmaecker", sex: "m", born: 1696, died: 1724, father: "Carel de Causmaecker", …}Lieven van Haverbeke: {name: "Lieven van Haverbeke", sex: "m", born: 1570, died: 1636, father: "Pauwels van Haverbeke", …}Lievijne Jans: {name: "Lievijne Jans", sex: "f", born: 1542, died: 1582, father: null, …}Livina Haverbeke: {name: "Livina Haverbeke", sex: "f", born: 1692, died: 1743, father: "Daniel Haverbeke", …}Livina Sierens: {name: "Livina Sierens", sex: "f", born: 1761, died: 1826, father: "Jan Sierens", …}Maria Haverbeke: {name: "Maria Haverbeke", sex: "m", born: 1905, died: 1997, father: "Emile Haverbeke", …}Maria Sturm: {name: "Maria Sturm", sex: "f", born: 1835, died: 1917, father: "Charles Sturm", …}Maria de Rycke: {name: "Maria de Rycke", sex: "f", born: 1683, died: 1724, father: "Frederik de Rycke", …}Maria van Brussel: {name: "Maria van Brussel", sex: "f", born: 1801, died: 1834, father: "Jan Frans van Brussel", …}Martina de Pape: {name: "Martina de Pape", sex: "f", born: 1666, died: 1727, father: "Vincent de Pape", …}Pauwels van Haverbeke: {name: "Pauwels van Haverbeke", sex: "m", born: 1535, died: 1582, father: "N. van Haverbeke", …}Petronella de Decker: {name: "Petronella de Decker", sex: "f", born: 1731, died: 1781, father: "Pieter de Decker", …}Philibert Haverbeke: {name: "Philibert Haverbeke", sex: "m", born: 1907, died: 1997, father: "Emile Haverbeke", …}Pieter Antone Haverbeke: {name: "Pieter Antone Haverbeke", sex: "m", born: 1753, died: 1798, father: "Jan Francies Haverbeke", …}Pieter Bernard Haverbeke: {name: "Pieter Bernard Haverbeke", sex: "m", born: 1695, died: 1762, father: "Willem Haverbeke", …}Pieter Haverbeke: {name: "Pieter Haverbeke", sex: "m", born: 1602, died: 1642, father: "Lieven van Haverbeke", …}Pieter de Decker: {name: "Pieter de Decker", sex: "m", born: 1705, died: 1780, father: "Joos de Decker", …}Willem Haverbeke: {name: "Willem Haverbeke", sex: "m", born: 1668, died: 1731, father: "Lieven Haverbeke", …}__proto__: Object
byName["Angela Haverbeke"];
{name: "Angela Haverbeke", sex: "f", born: 1728, died: 1734, father: "Pieter Bernard Haverbeke", …}
byName["Angela Haverbeke"].born;
1728
byName["Angela Haverbeke"].mother;
"Livina de Vrieze"
byName[byName["Angela Haverbeke"].mother];
undefined
byName["Angela Haverbeke"].mother;
"Livina de Vrieze"
byName[byName["Angela Haverbeke"].mother];
undefined
byName["Angela Haverbeke"].mother;
"Livina de Vrieze"
byName["Livina de Vrieze"].mother;
VM2741:1 Uncaught TypeError: Cannot read property 'mother' of undefined
    at <anonymous>:1:28
(anonymous) @ VM2741:1
byName["Livina de Vrieze"].born;
VM2752:1 Uncaught TypeError: Cannot read property 'born' of undefined
    at <anonymous>:1:28
(anonymous) @ VM2752:1
byNa
VM2762:1 Uncaught ReferenceError: byNa is not defined
    at <anonymous>:1:1
(anonymous) @ VM2762:1
byName
{Carolus Haverbeke: {…}, Emma de Milliano: {…}, Maria de Rycke: {…}, Jan van Brussel: {…}, Philibert Haverbeke: {…}, …}Angela Haverbeke: born: 1728died: 1734father: "Pieter Bernard Haverbeke"mother: "Livina de Vrieze"name: "Angela Haverbeke"sex: "f"__proto__: ObjectAnna van Hecke: {name: "Anna van Hecke", sex: "f", born: 1607, died: 1670, father: "Paschasius van Hecke", …}Bernardus de Causmaecker: {name: "Bernardus de Causmaecker", sex: "m", born: 1721, died: 1789, father: "Lieven de Causmaecker", …}Carel Haverbeke: {name: "Carel Haverbeke", sex: "m", born: 1796, died: 1837, father: "Pieter Antone Haverbeke", …}Carolus Haverbeke: {name: "Carolus Haverbeke", sex: "m", born: 1832, died: 1905, father: "Carel Haverbeke", …}Clara Aernoudts: {name: "Clara Aernoudts", sex: "f", born: 1918, died: 2012, father: "Henry Aernoudts", …}Daniel Haverbeke: {name: "Daniel Haverbeke", sex: "m", born: 1652, died: 1723, father: "Lieven Haverbeke", …}Elisabeth Haverbeke: {name: "Elisabeth Haverbeke", sex: "f", born: 1711, died: 1754, father: "Jan Haverbeke", …}Elisabeth Hercke: {name: "Elisabeth Hercke", sex: "f", born: 1632, died: 1674, father: "Willem Hercke", …}Emile Haverbeke: {name: "Emile Haverbeke", sex: "m", born: 1877, died: 1968, father: "Carolus Haverbeke", …}Emma de Milliano: {name: "Emma de Milliano", sex: "f", born: 1876, died: 1956, father: "Petrus de Milliano", …}Jacoba Lammens: {name: "Jacoba Lammens", sex: "f", born: 1699, died: 1740, father: "Lieven Lammens", …}Jacobus Bernardus van Brussel: {name: "Jacobus Bernardus van Brussel", sex: "m", born: 1736, died: 1809, father: "Jan van Brussel", …}Jan Francies Haverbeke: {name: "Jan Francies Haverbeke", sex: "m", born: 1725, died: 1779, father: "Pieter Bernard Haverbeke", …}Jan Frans van Brussel: {name: "Jan Frans van Brussel", sex: "m", born: 1761, died: 1833, father: "Jacobus Bernardus van Brussel", …}Jan Haverbeke: {name: "Jan Haverbeke", sex: "m", born: 1671, died: 1731, father: "Lieven Haverbeke", …}Jan van Brussel: {name: "Jan van Brussel", sex: "m", born: 1714, died: 1748, father: "Jacobus van Brussel", …}Joanna de Causmaecker: {name: "Joanna de Causmaecker", sex: "f", born: 1762, died: 1807, father: "Bernardus de Causmaecker", …}Joanna de Pape: {name: "Joanna de Pape", sex: "f", born: 1654, died: 1723, father: "Vincent de Pape", …}Laurentia Haverbeke: {name: "Laurentia Haverbeke", sex: "f", born: 1710, died: 1786, father: "Jan Haverbeke", …}Lieven Haverbeke: {name: "Lieven Haverbeke", sex: "m", born: 1631, died: 1676, father: "Pieter Haverbeke", …}Lieven de Causmaecker: {name: "Lieven de Causmaecker", sex: "m", born: 1696, died: 1724, father: "Carel de Causmaecker", …}Lieven van Haverbeke: {name: "Lieven van Haverbeke", sex: "m", born: 1570, died: 1636, father: "Pauwels van Haverbeke", …}Lievijne Jans: {name: "Lievijne Jans", sex: "f", born: 1542, died: 1582, father: null, …}Livina Haverbeke: {name: "Livina Haverbeke", sex: "f", born: 1692, died: 1743, father: "Daniel Haverbeke", …}Livina Sierens: {name: "Livina Sierens", sex: "f", born: 1761, died: 1826, father: "Jan Sierens", …}Maria Haverbeke: {name: "Maria Haverbeke", sex: "m", born: 1905, died: 1997, father: "Emile Haverbeke", …}Maria Sturm: {name: "Maria Sturm", sex: "f", born: 1835, died: 1917, father: "Charles Sturm", …}Maria de Rycke: {name: "Maria de Rycke", sex: "f", born: 1683, died: 1724, father: "Frederik de Rycke", …}Maria van Brussel: {name: "Maria van Brussel", sex: "f", born: 1801, died: 1834, father: "Jan Frans van Brussel", …}Martina de Pape: {name: "Martina de Pape", sex: "f", born: 1666, died: 1727, father: "Vincent de Pape", …}Pauwels van Haverbeke: {name: "Pauwels van Haverbeke", sex: "m", born: 1535, died: 1582, father: "N. van Haverbeke", …}Petronella de Decker: born: 1731died: 1781father: "Pieter de Decker"mother: "Livina Haverbeke"name: "Petronella de Decker"sex: "f"__proto__: ObjectPhilibert Haverbeke: {name: "Philibert Haverbeke", sex: "m", born: 1907, died: 1997, father: "Emile Haverbeke", …}Pieter Antone Haverbeke: {name: "Pieter Antone Haverbeke", sex: "m", born: 1753, died: 1798, father: "Jan Francies Haverbeke", …}Pieter Bernard Haverbeke: {name: "Pieter Bernard Haverbeke", sex: "m", born: 1695, died: 1762, father: "Willem Haverbeke", …}Pieter Haverbeke: born: 1602died: 1642father: "Lieven van Haverbeke"mother: nullname: "Pieter Haverbeke"sex: "m"__proto__: ObjectPieter de Decker: {name: "Pieter de Decker", sex: "m", born: 1705, died: 1780, father: "Joos de Decker", …}Willem Haverbeke: {name: "Willem Haverbeke", sex: "m", born: 1668, died: 1731, father: "Lieven Haverbeke", …}__proto__: Object
byName["Pieter Haverbeke"]"].born;
VM2811:1 Uncaught SyntaxError: Invalid or unexpected token
byName["Pieter Haverbeke"].born;
1602
byName["Pieter Haverbeke"].mother;
null
byName["Petronella de Decker"]"].mother;
VM2860:1 Uncaught SyntaxError: Invalid or unexpected token
byName["Petronella de Decker"].mother;
"Livina Haverbeke"
byName[byName["Petronella de Decker"].mother];
{name: "Livina Haverbeke", sex: "f", born: 1692, died: 1743, father: "Daniel Haverbeke", …}
byName[byName["Petronella de Decker"].mother].born;
1692
byName["Petronella de Decker"].born - byName[byName["Petronella de Decker"].mother].born;
39
function mothersAgeAtBirth(person) {
    if (!(person.mother === null))
        return person.born - byName[person.mother].born;
    else
        return null;
}
undefined
mothersAgeAtBirth(byName["Joanna de Causmaecker"]);
null
byName["Joanna de Causmaecker"]
{name: "Joanna de Causmaecker", sex: "f", born: 1762, died: 1807, father: "Bernardus de Causmaecker", …}born: 1762died: 1807father: "Bernardus de Causmaecker"mother: nullname: "Joanna de Causmaecker"sex: "f"__proto__: Object
mothersAgeAtBirth(byName["Petronella de Decker"]);
39
byName.map(mothersAgeAtBirth());
VM3112:2 Uncaught TypeError: Cannot read property 'mother' of undefined
    at mothersAgeAtBirth (<anonymous>:2:18)
    at <anonymous>:1:12
mothersAgeAtBirth @ VM3112:2
(anonymous) @ VM3246:1
mothersAgeAtBirth(byName["Petronella de Decker"]);
39
mothersAgeAtBirth(byName["Petronella de Decker"]);
39
mothersAgeAtBirth(byName["Petronella de Decker"]);
39
mothersAgeAtBirth(byName["Petronella de Decker"]);
39
mothersAgeAtBirth(byName["Petronella de Decker"]);
39
mothersAgeAtBirth(byName["Petronella de Decker"]);
39
mothersAgeAtBirth(byName["Petronella de Decker"]);
39
byName.map(console.log);
VM3309:1 Uncaught TypeError: byName.map is not a function
    at <anonymous>:1:8
(anonymous) @ VM3309:1
byName.map(console.log());
VM3312:1 Uncaught TypeError: byName.map is not a function
    at <anonymous>:1:8
(anonymous) @ VM3312:1
mothersAgeAtBirth(byName["Petronella de Decker"]);
39
ancestry.map(console.log);
VM3343:1 {name: "Carolus Haverbeke", sex: "m", born: 1832, died: 1905, father: "Carel Haverbeke", …} 0 (39) [{…}, {…}, {…}, {…}, {…}, {…}, {…}, {…}, {…}, {…}, {…}, {…}, {…}, {…}, {…}, {…}, {…}, {…}, {…}, {…}, {…}, {…}, {…}, {…}, {…}, {…}, {…}, {…}, {…}, {…}, {…}, {…}, {…}, {…}, {…}, {…}, {…}, {…}, {…}]
VM3343:1 {name: "Emma de Milliano", sex: "f", born: 1876, died: 1956, father: "Petrus de Milliano", …} 1 (39) [{…}, {…}, {…}, {…}, {…}, {…}, {…}, {…}, {…}, {…}, {…}, {…}, {…}, {…}, {…}, {…}, {…}, {…}, {…}, {…}, {…}, {…}, {…}, {…}, {…}, {…}, {…}, {…}, {…}, {…}, {…}, {…}, {…}, {…}, {…}, {…}, {…}, {…}, {…}]
VM3343:1 {name: "Maria de Rycke", sex: "f", born: 1683, died: 1724, father: "Frederik de Rycke", …} 2 (39) [{…}, {…}, {…}, {…}, {…}, {…}, {…}, {…}, {…}, {…}, {…}, {…}, {…}, {…}, {…}, {…}, {…}, {…}, {…}, {…}, {…}, {…}, {…}, {…}, {…}, {…}, {…}, {…}, {…}, {…}, {…}, {…}, {…}, {…}, {…}, {…}, {…}, {…}, {…}]
VM3343:1 {name: "Jan van Brussel", sex: "m", born: 1714, died: 1748, father: "Jacobus van Brussel", …} 3 (39) [{…}, {…}, {…}, {…}, {…}, {…}, {…}, {…}, {…}, {…}, {…}, {…}, {…}, {…}, {…}, {…}, {…}, {…}, {…}, {…}, {…}, {…}, {…}, {…}, {…}, {…}, {…}, {…}, {…}, {…}, {…}, {…}, {…}, {…}, {…}, {…}, {…}, {…}, {…}]
VM3343:1 {name: "Philibert Haverbeke", sex: "m", born: 1907, died: 1997, father: "Emile Haverbeke", …} 4 (39) [{…}, {…}, {…}, {…}, {…}, {…}, {…}, {…}, {…}, {…}, {…}, {…}, {…}, {…}, {…}, {…}, {…}, {…}, {…}, {…}, {…}, {…}, {…}, {…}, {…}, {…}, {…}, {…}, {…}, {…}, {…}, {…}, {…}, {…}, {…}, {…}, {…}, {…}, {…}]
VM3343:1 {name: "Jan Frans van Brussel", sex: "m", born: 1761, died: 1833, father: "Jacobus Bernardus van Brussel", …} 5 (39) [{…}, {…}, {…}, {…}, {…}, {…}, {…}, {…}, {…}, {…}, {…}, {…}, {…}, {…}, {…}, {…}, {…}, {…}, {…}, {…}, {…}, {…}, {…}, {…}, {…}, {…}, {…}, {…}, {…}, {…}, {…}, {…}, {…}, {…}, {…}, {…}, {…}, {…}, {…}]
VM3343:1 {name: "Pauwels van Haverbeke", sex: "m", born: 1535, died: 1582, father: "N. van Haverbeke", …} 6 (39) [{…}, {…}, {…}, {…}, {…}, {…}, {…}, {…}, {…}, {…}, {…}, {…}, {…}, {…}, {…}, {…}, {…}, {…}, {…}, {…}, {…}, {…}, {…}, {…}, {…}, {…}, {…}, {…}, {…}, {…}, {…}, {…}, {…}, {…}, {…}, {…}, {…}, {…}, {…}]
VM3343:1 {name: "Clara Aernoudts", sex: "f", born: 1918, died: 2012, father: "Henry Aernoudts", …} 7 (39) [{…}, {…}, {…}, {…}, {…}, {…}, {…}, {…}, {…}, {…}, {…}, {…}, {…}, {…}, {…}, {…}, {…}, {…}, {…}, {…}, {…}, {…}, {…}, {…}, {…}, {…}, {…}, {…}, {…}, {…}, {…}, {…}, {…}, {…}, {…}, {…}, {…}, {…}, {…}]
VM3343:1 {name: "Emile Haverbeke", sex: "m", born: 1877, died: 1968, father: "Carolus Haverbeke", …} 8 (39) [{…}, {…}, {…}, {…}, {…}, {…}, {…}, {…}, {…}, {…}, {…}, {…}, {…}, {…}, {…}, {…}, {…}, {…}, {…}, {…}, {…}, {…}, {…}, {…}, {…}, {…}, {…}, {…}, {…}, {…}, {…}, {…}, {…}, {…}, {…}, {…}, {…}, {…}, {…}]
VM3343:1 {name: "Lieven de Causmaecker", sex: "m", born: 1696, died: 1724, father: "Carel de Causmaecker", …} 9 (39) [{…}, {…}, {…}, {…}, {…}, {…}, {…}, {…}, {…}, {…}, {…}, {…}, {…}, {…}, {…}, {…}, {…}, {…}, {…}, {…}, {…}, {…}, {…}, {…}, {…}, {…}, {…}, {…}, {…}, {…}, {…}, {…}, {…}, {…}, {…}, {…}, {…}, {…}, {…}]
VM3343:1 {name: "Pieter Haverbeke", sex: "m", born: 1602, died: 1642, father: "Lieven van Haverbeke", …} 10 (39) [{…}, {…}, {…}, {…}, {…}, {…}, {…}, {…}, {…}, {…}, {…}, {…}, {…}, {…}, {…}, {…}, {…}, {…}, {…}, {…}, {…}, {…}, {…}, {…}, {…}, {…}, {…}, {…}, {…}, {…}, {…}, {…}, {…}, {…}, {…}, {…}, {…}, {…}, {…}]
VM3343:1 {name: "Livina Haverbeke", sex: "f", born: 1692, died: 1743, father: "Daniel Haverbeke", …} 11 (39) [{…}, {…}, {…}, {…}, {…}, {…}, {…}, {…}, {…}, {…}, {…}, {…}, {…}, {…}, {…}, {…}, {…}, {…}, {…}, {…}, {…}, {…}, {…}, {…}, {…}, {…}, {…}, {…}, {…}, {…}, {…}, {…}, {…}, {…}, {…}, {…}, {…}, {…}, {…}]
VM3343:1 {name: "Pieter Bernard Haverbeke", sex: "m", born: 1695, died: 1762, father: "Willem Haverbeke", …} 12 (39) [{…}, {…}, {…}, {…}, {…}, {…}, {…}, {…}, {…}, {…}, {…}, {…}, {…}, {…}, {…}, {…}, {…}, {…}, {…}, {…}, {…}, {…}, {…}, {…}, {…}, {…}, {…}, {…}, {…}, {…}, {…}, {…}, {…}, {…}, {…}, {…}, {…}, {…}, {…}]
VM3343:1 {name: "Lieven van Haverbeke", sex: "m", born: 1570, died: 1636, father: "Pauwels van Haverbeke", …} 13 (39) [{…}, {…}, {…}, {…}, {…}, {…}, {…}, {…}, {…}, {…}, {…}, {…}, {…}, {…}, {…}, {…}, {…}, {…}, {…}, {…}, {…}, {…}, {…}, {…}, {…}, {…}, {…}, {…}, {…}, {…}, {…}, {…}, {…}, {…}, {…}, {…}, {…}, {…}, {…}]
VM3343:1 {name: "Joanna de Causmaecker", sex: "f", born: 1762, died: 1807, father: "Bernardus de Causmaecker", …} 14 (39) [{…}, {…}, {…}, {…}, {…}, {…}, {…}, {…}, {…}, {…}, {…}, {…}, {…}, {…}, {…}, {…}, {…}, {…}, {…}, {…}, {…}, {…}, {…}, {…}, {…}, {…}, {…}, {…}, {…}, {…}, {…}, {…}, {…}, {…}, {…}, {…}, {…}, {…}, {…}]
VM3343:1 {name: "Willem Haverbeke", sex: "m", born: 1668, died: 1731, father: "Lieven Haverbeke", …} 15 (39) [{…}, {…}, {…}, {…}, {…}, {…}, {…}, {…}, {…}, {…}, {…}, {…}, {…}, {…}, {…}, {…}, {…}, {…}, {…}, {…}, {…}, {…}, {…}, {…}, {…}, {…}, {…}, {…}, {…}, {…}, {…}, {…}, {…}, {…}, {…}, {…}, {…}, {…}, {…}]
VM3343:1 {name: "Pieter Antone Haverbeke", sex: "m", born: 1753, died: 1798, father: "Jan Francies Haverbeke", …} 16 (39) [{…}, {…}, {…}, {…}, {…}, {…}, {…}, {…}, {…}, {…}, {…}, {…}, {…}, {…}, {…}, {…}, {…}, {…}, {…}, {…}, {…}, {…}, {…}, {…}, {…}, {…}, {…}, {…}, {…}, {…}, {…}, {…}, {…}, {…}, {…}, {…}, {…}, {…}, {…}]
VM3343:1 {name: "Maria van Brussel", sex: "f", born: 1801, died: 1834, father: "Jan Frans van Brussel", …} 17 (39) [{…}, {…}, {…}, {…}, {…}, {…}, {…}, {…}, {…}, {…}, {…}, {…}, {…}, {…}, {…}, {…}, {…}, {…}, {…}, {…}, {…}, {…}, {…}, {…}, {…}, {…}, {…}, {…}, {…}, {…}, {…}, {…}, {…}, {…}, {…}, {…}, {…}, {…}, {…}]
VM3343:1 {name: "Angela Haverbeke", sex: "f", born: 1728, died: 1734, father: "Pieter Bernard Haverbeke", …} 18 (39) [{…}, {…}, {…}, {…}, {…}, {…}, {…}, {…}, {…}, {…}, {…}, {…}, {…}, {…}, {…}, {…}, {…}, {…}, {…}, {…}, {…}, {…}, {…}, {…}, {…}, {…}, {…}, {…}, {…}, {…}, {…}, {…}, {…}, {…}, {…}, {…}, {…}, {…}, {…}]
VM3343:1 {name: "Elisabeth Haverbeke", sex: "f", born: 1711, died: 1754, father: "Jan Haverbeke", …} 19 (39) [{…}, {…}, {…}, {…}, {…}, {…}, {…}, {…}, {…}, {…}, {…}, {…}, {…}, {…}, {…}, {…}, {…}, {…}, {…}, {…}, {…}, {…}, {…}, {…}, {…}, {…}, {…}, {…}, {…}, {…}, {…}, {…}, {…}, {…}, {…}, {…}, {…}, {…}, {…}]
VM3343:1 {name: "Lievijne Jans", sex: "f", born: 1542, died: 1582, father: null, …} 20 (39) [{…}, {…}, {…}, {…}, {…}, {…}, {…}, {…}, {…}, {…}, {…}, {…}, {…}, {…}, {…}, {…}, {…}, {…}, {…}, {…}, {…}, {…}, {…}, {…}, {…}, {…}, {…}, {…}, {…}, {…}, {…}, {…}, {…}, {…}, {…}, {…}, {…}, {…}, {…}]
VM3343:1 {name: "Bernardus de Causmaecker", sex: "m", born: 1721, died: 1789, father: "Lieven de Causmaecker", …} 21 (39) [{…}, {…}, {…}, {…}, {…}, {…}, {…}, {…}, {…}, {…}, {…}, {…}, {…}, {…}, {…}, {…}, {…}, {…}, {…}, {…}, {…}, {…}, {…}, {…}, {…}, {…}, {…}, {…}, {…}, {…}, {…}, {…}, {…}, {…}, {…}, {…}, {…}, {…}, {…}]
VM3343:1 {name: "Jacoba Lammens", sex: "f", born: 1699, died: 1740, father: "Lieven Lammens", …} 22 (39) [{…}, {…}, {…}, {…}, {…}, {…}, {…}, {…}, {…}, {…}, {…}, {…}, {…}, {…}, {…}, {…}, {…}, {…}, {…}, {…}, {…}, {…}, {…}, {…}, {…}, {…}, {…}, {…}, {…}, {…}, {…}, {…}, {…}, {…}, {…}, {…}, {…}, {…}, {…}]
VM3343:1 {name: "Pieter de Decker", sex: "m", born: 1705, died: 1780, father: "Joos de Decker", …} 23 (39) [{…}, {…}, {…}, {…}, {…}, {…}, {…}, {…}, {…}, {…}, {…}, {…}, {…}, {…}, {…}, {…}, {…}, {…}, {…}, {…}, {…}, {…}, {…}, {…}, {…}, {…}, {…}, {…}, {…}, {…}, {…}, {…}, {…}, {…}, {…}, {…}, {…}, {…}, {…}]
VM3343:1 {name: "Joanna de Pape", sex: "f", born: 1654, died: 1723, father: "Vincent de Pape", …} 24 (39) [{…}, {…}, {…}, {…}, {…}, {…}, {…}, {…}, {…}, {…}, {…}, {…}, {…}, {…}, {…}, {…}, {…}, {…}, {…}, {…}, {…}, {…}, {…}, {…}, {…}, {…}, {…}, {…}, {…}, {…}, {…}, {…}, {…}, {…}, {…}, {…}, {…}, {…}, {…}]
VM3343:1 {name: "Daniel Haverbeke", sex: "m", born: 1652, died: 1723, father: "Lieven Haverbeke", …} 25 (39) [{…}, {…}, {…}, {…}, {…}, {…}, {…}, {…}, {…}, {…}, {…}, {…}, {…}, {…}, {…}, {…}, {…}, {…}, {…}, {…}, {…}, {…}, {…}, {…}, {…}, {…}, {…}, {…}, {…}, {…}, {…}, {…}, {…}, {…}, {…}, {…}, {…}, {…}, {…}]
VM3343:1 {name: "Lieven Haverbeke", sex: "m", born: 1631, died: 1676, father: "Pieter Haverbeke", …} 26 (39) [{…}, {…}, {…}, {…}, {…}, {…}, {…}, {…}, {…}, {…}, {…}, {…}, {…}, {…}, {…}, {…}, {…}, {…}, {…}, {…}, {…}, {…}, {…}, {…}, {…}, {…}, {…}, {…}, {…}, {…}, {…}, {…}, {…}, {…}, {…}, {…}, {…}, {…}, {…}]
VM3343:1 {name: "Martina de Pape", sex: "f", born: 1666, died: 1727, father: "Vincent de Pape", …} 27 (39) [{…}, {…}, {…}, {…}, {…}, {…}, {…}, {…}, {…}, {…}, {…}, {…}, {…}, {…}, {…}, {…}, {…}, {…}, {…}, {…}, {…}, {…}, {…}, {…}, {…}, {…}, {…}, {…}, {…}, {…}, {…}, {…}, {…}, {…}, {…}, {…}, {…}, {…}, {…}]
VM3343:1 {name: "Jan Francies Haverbeke", sex: "m", born: 1725, died: 1779, father: "Pieter Bernard Haverbeke", …} 28 (39) [{…}, {…}, {…}, {…}, {…}, {…}, {…}, {…}, {…}, {…}, {…}, {…}, {…}, {…}, {…}, {…}, {…}, {…}, {…}, {…}, {…}, {…}, {…}, {…}, {…}, {…}, {…}, {…}, {…}, {…}, {…}, {…}, {…}, {…}, {…}, {…}, {…}, {…}, {…}]
VM3343:1 {name: "Maria Haverbeke", sex: "m", born: 1905, died: 1997, father: "Emile Haverbeke", …} 29 (39) [{…}, {…}, {…}, {…}, {…}, {…}, {…}, {…}, {…}, {…}, {…}, {…}, {…}, {…}, {…}, {…}, {…}, {…}, {…}, {…}, {…}, {…}, {…}, {…}, {…}, {…}, {…}, {…}, {…}, {…}, {…}, {…}, {…}, {…}, {…}, {…}, {…}, {…}, {…}]
VM3343:1 {name: "Petronella de Decker", sex: "f", born: 1731, died: 1781, father: "Pieter de Decker", …} 30 (39) [{…}, {…}, {…}, {…}, {…}, {…}, {…}, {…}, {…}, {…}, {…}, {…}, {…}, {…}, {…}, {…}, {…}, {…}, {…}, {…}, {…}, {…}, {…}, {…}, {…}, {…}, {…}, {…}, {…}, {…}, {…}, {…}, {…}, {…}, {…}, {…}, {…}, {…}, {…}]
VM3343:1 {name: "Livina Sierens", sex: "f", born: 1761, died: 1826, father: "Jan Sierens", …} 31 (39) [{…}, {…}, {…}, {…}, {…}, {…}, {…}, {…}, {…}, {…}, {…}, {…}, {…}, {…}, {…}, {…}, {…}, {…}, {…}, {…}, {…}, {…}, {…}, {…}, {…}, {…}, {…}, {…}, {…}, {…}, {…}, {…}, {…}, {…}, {…}, {…}, {…}, {…}, {…}]
VM3343:1 {name: "Laurentia Haverbeke", sex: "f", born: 1710, died: 1786, father: "Jan Haverbeke", …} 32 (39) [{…}, {…}, {…}, {…}, {…}, {…}, {…}, {…}, {…}, {…}, {…}, {…}, {…}, {…}, {…}, {…}, {…}, {…}, {…}, {…}, {…}, {…}, {…}, {…}, {…}, {…}, {…}, {…}, {…}, {…}, {…}, {…}, {…}, {…}, {…}, {…}, {…}, {…}, {…}]
VM3343:1 {name: "Carel Haverbeke", sex: "m", born: 1796, died: 1837, father: "Pieter Antone Haverbeke", …} 33 (39) [{…}, {…}, {…}, {…}, {…}, {…}, {…}, {…}, {…}, {…}, {…}, {…}, {…}, {…}, {…}, {…}, {…}, {…}, {…}, {…}, {…}, {…}, {…}, {…}, {…}, {…}, {…}, {…}, {…}, {…}, {…}, {…}, {…}, {…}, {…}, {…}, {…}, {…}, {…}]
VM3343:1 {name: "Elisabeth Hercke", sex: "f", born: 1632, died: 1674, father: "Willem Hercke", …} 34 (39) [{…}, {…}, {…}, {…}, {…}, {…}, {…}, {…}, {…}, {…}, {…}, {…}, {…}, {…}, {…}, {…}, {…}, {…}, {…}, {…}, {…}, {…}, {…}, {…}, {…}, {…}, {…}, {…}, {…}, {…}, {…}, {…}, {…}, {…}, {…}, {…}, {…}, {…}, {…}]
VM3343:1 {name: "Jan Haverbeke", sex: "m", born: 1671, died: 1731, father: "Lieven Haverbeke", …} 35 (39) [{…}, {…}, {…}, {…}, {…}, {…}, {…}, {…}, {…}, {…}, {…}, {…}, {…}, {…}, {…}, {…}, {…}, {…}, {…}, {…}, {…}, {…}, {…}, {…}, {…}, {…}, {…}, {…}, {…}, {…}, {…}, {…}, {…}, {…}, {…}, {…}, {…}, {…}, {…}]
VM3343:1 {name: "Anna van Hecke", sex: "f", born: 1607, died: 1670, father: "Paschasius van Hecke", …} 36 (39) [{…}, {…}, {…}, {…}, {…}, {…}, {…}, {…}, {…}, {…}, {…}, {…}, {…}, {…}, {…}, {…}, {…}, {…}, {…}, {…}, {…}, {…}, {…}, {…}, {…}, {…}, {…}, {…}, {…}, {…}, {…}, {…}, {…}, {…}, {…}, {…}, {…}, {…}, {…}]
VM3343:1 {name: "Maria Sturm", sex: "f", born: 1835, died: 1917, father: "Charles Sturm", …} 37 (39) [{…}, {…}, {…}, {…}, {…}, {…}, {…}, {…}, {…}, {…}, {…}, {…}, {…}, {…}, {…}, {…}, {…}, {…}, {…}, {…}, {…}, {…}, {…}, {…}, {…}, {…}, {…}, {…}, {…}, {…}, {…}, {…}, {…}, {…}, {…}, {…}, {…}, {…}, {…}]
VM3343:1 {name: "Jacobus Bernardus van Brussel", sex: "m", born: 1736, died: 1809, father: "Jan van Brussel", …} 38 (39) [{…}, {…}, {…}, {…}, {…}, {…}, {…}, {…}, {…}, {…}, {…}, {…}, {…}, {…}, {…}, {…}, {…}, {…}, {…}, {…}, {…}, {…}, {…}, {…}, {…}, {…}, {…}, {…}, {…}, {…}, {…}, {…}, {…}, {…}, {…}, {…}, {…}, {…}, {…}]
(39) [undefined, undefined, undefined, undefined, undefined, undefined, undefined, undefined, undefined, undefined, undefined, undefined, undefined, undefined, undefined, undefined, undefined, undefined, undefined, undefined, undefined, undefined, undefined, undefined, undefined, undefined, undefined, undefined, undefined, undefined, undefined, undefined, undefined, undefined, undefined, undefined, undefined, undefined, undefined]
ancestry.map(mothersAgeAtBirth);
VM3112:3 Uncaught TypeError: Cannot read property 'born' of undefined
    at mothersAgeAtBirth (<anonymous>:3:52)
    at Array.map (<anonymous>)
    at <anonymous>:1:10
mothersAgeAtBirth @ VM3112:3
(anonymous) @ VM3372:1
ancestry.map(console.log);
VM3374:1 {name: "Carolus Haverbeke", sex: "m", born: 1832, died: 1905, father: "Carel Haverbeke", …} 0 (39) [{…}, {…}, {…}, {…}, {…}, {…}, {…}, {…}, {…}, {…}, {…}, {…}, {…}, {…}, {…}, {…}, {…}, {…}, {…}, {…}, {…}, {…}, {…}, {…}, {…}, {…}, {…}, {…}, {…}, {…}, {…}, {…}, {…}, {…}, {…}, {…}, {…}, {…}, {…}]
VM3374:1 {name: "Emma de Milliano", sex: "f", born: 1876, died: 1956, father: "Petrus de Milliano", …} 1 (39) [{…}, {…}, {…}, {…}, {…}, {…}, {…}, {…}, {…}, {…}, {…}, {…}, {…}, {…}, {…}, {…}, {…}, {…}, {…}, {…}, {…}, {…}, {…}, {…}, {…}, {…}, {…}, {…}, {…}, {…}, {…}, {…}, {…}, {…}, {…}, {…}, {…}, {…}, {…}]
VM3374:1 {name: "Maria de Rycke", sex: "f", born: 1683, died: 1724, father: "Frederik de Rycke", …} 2 (39) [{…}, {…}, {…}, {…}, {…}, {…}, {…}, {…}, {…}, {…}, {…}, {…}, {…}, {…}, {…}, {…}, {…}, {…}, {…}, {…}, {…}, {…}, {…}, {…}, {…}, {…}, {…}, {…}, {…}, {…}, {…}, {…}, {…}, {…}, {…}, {…}, {…}, {…}, {…}]
VM3374:1 {name: "Jan van Brussel", sex: "m", born: 1714, died: 1748, father: "Jacobus van Brussel", …} 3 (39) [{…}, {…}, {…}, {…}, {…}, {…}, {…}, {…}, {…}, {…}, {…}, {…}, {…}, {…}, {…}, {…}, {…}, {…}, {…}, {…}, {…}, {…}, {…}, {…}, {…}, {…}, {…}, {…}, {…}, {…}, {…}, {…}, {…}, {…}, {…}, {…}, {…}, {…}, {…}]
VM3374:1 {name: "Philibert Haverbeke", sex: "m", born: 1907, died: 1997, father: "Emile Haverbeke", …} 4 (39) [{…}, {…}, {…}, {…}, {…}, {…}, {…}, {…}, {…}, {…}, {…}, {…}, {…}, {…}, {…}, {…}, {…}, {…}, {…}, {…}, {…}, {…}, {…}, {…}, {…}, {…}, {…}, {…}, {…}, {…}, {…}, {…}, {…}, {…}, {…}, {…}, {…}, {…}, {…}]
VM3374:1 {name: "Jan Frans van Brussel", sex: "m", born: 1761, died: 1833, father: "Jacobus Bernardus van Brussel", …} 5 (39) [{…}, {…}, {…}, {…}, {…}, {…}, {…}, {…}, {…}, {…}, {…}, {…}, {…}, {…}, {…}, {…}, {…}, {…}, {…}, {…}, {…}, {…}, {…}, {…}, {…}, {…}, {…}, {…}, {…}, {…}, {…}, {…}, {…}, {…}, {…}, {…}, {…}, {…}, {…}]
VM3374:1 {name: "Pauwels van Haverbeke", sex: "m", born: 1535, died: 1582, father: "N. van Haverbeke", …} 6 (39) [{…}, {…}, {…}, {…}, {…}, {…}, {…}, {…}, {…}, {…}, {…}, {…}, {…}, {…}, {…}, {…}, {…}, {…}, {…}, {…}, {…}, {…}, {…}, {…}, {…}, {…}, {…}, {…}, {…}, {…}, {…}, {…}, {…}, {…}, {…}, {…}, {…}, {…}, {…}]
VM3374:1 {name: "Clara Aernoudts", sex: "f", born: 1918, died: 2012, father: "Henry Aernoudts", …} 7 (39) [{…}, {…}, {…}, {…}, {…}, {…}, {…}, {…}, {…}, {…}, {…}, {…}, {…}, {…}, {…}, {…}, {…}, {…}, {…}, {…}, {…}, {…}, {…}, {…}, {…}, {…}, {…}, {…}, {…}, {…}, {…}, {…}, {…}, {…}, {…}, {…}, {…}, {…}, {…}]
VM3374:1 {name: "Emile Haverbeke", sex: "m", born: 1877, died: 1968, father: "Carolus Haverbeke", …} 8 (39) [{…}, {…}, {…}, {…}, {…}, {…}, {…}, {…}, {…}, {…}, {…}, {…}, {…}, {…}, {…}, {…}, {…}, {…}, {…}, {…}, {…}, {…}, {…}, {…}, {…}, {…}, {…}, {…}, {…}, {…}, {…}, {…}, {…}, {…}, {…}, {…}, {…}, {…}, {…}]
VM3374:1 {name: "Lieven de Causmaecker", sex: "m", born: 1696, died: 1724, father: "Carel de Causmaecker", …} 9 (39) [{…}, {…}, {…}, {…}, {…}, {…}, {…}, {…}, {…}, {…}, {…}, {…}, {…}, {…}, {…}, {…}, {…}, {…}, {…}, {…}, {…}, {…}, {…}, {…}, {…}, {…}, {…}, {…}, {…}, {…}, {…}, {…}, {…}, {…}, {…}, {…}, {…}, {…}, {…}]
VM3374:1 {name: "Pieter Haverbeke", sex: "m", born: 1602, died: 1642, father: "Lieven van Haverbeke", …} 10 (39) [{…}, {…}, {…}, {…}, {…}, {…}, {…}, {…}, {…}, {…}, {…}, {…}, {…}, {…}, {…}, {…}, {…}, {…}, {…}, {…}, {…}, {…}, {…}, {…}, {…}, {…}, {…}, {…}, {…}, {…}, {…}, {…}, {…}, {…}, {…}, {…}, {…}, {…}, {…}]
VM3374:1 {name: "Livina Haverbeke", sex: "f", born: 1692, died: 1743, father: "Daniel Haverbeke", …} 11 (39) [{…}, {…}, {…}, {…}, {…}, {…}, {…}, {…}, {…}, {…}, {…}, {…}, {…}, {…}, {…}, {…}, {…}, {…}, {…}, {…}, {…}, {…}, {…}, {…}, {…}, {…}, {…}, {…}, {…}, {…}, {…}, {…}, {…}, {…}, {…}, {…}, {…}, {…}, {…}]
VM3374:1 {name: "Pieter Bernard Haverbeke", sex: "m", born: 1695, died: 1762, father: "Willem Haverbeke", …} 12 (39) [{…}, {…}, {…}, {…}, {…}, {…}, {…}, {…}, {…}, {…}, {…}, {…}, {…}, {…}, {…}, {…}, {…}, {…}, {…}, {…}, {…}, {…}, {…}, {…}, {…}, {…}, {…}, {…}, {…}, {…}, {…}, {…}, {…}, {…}, {…}, {…}, {…}, {…}, {…}]
VM3374:1 {name: "Lieven van Haverbeke", sex: "m", born: 1570, died: 1636, father: "Pauwels van Haverbeke", …} 13 (39) [{…}, {…}, {…}, {…}, {…}, {…}, {…}, {…}, {…}, {…}, {…}, {…}, {…}, {…}, {…}, {…}, {…}, {…}, {…}, {…}, {…}, {…}, {…}, {…}, {…}, {…}, {…}, {…}, {…}, {…}, {…}, {…}, {…}, {…}, {…}, {…}, {…}, {…}, {…}]
VM3374:1 {name: "Joanna de Causmaecker", sex: "f", born: 1762, died: 1807, father: "Bernardus de Causmaecker", …} 14 (39) [{…}, {…}, {…}, {…}, {…}, {…}, {…}, {…}, {…}, {…}, {…}, {…}, {…}, {…}, {…}, {…}, {…}, {…}, {…}, {…}, {…}, {…}, {…}, {…}, {…}, {…}, {…}, {…}, {…}, {…}, {…}, {…}, {…}, {…}, {…}, {…}, {…}, {…}, {…}]
VM3374:1 {name: "Willem Haverbeke", sex: "m", born: 1668, died: 1731, father: "Lieven Haverbeke", …} 15 (39) [{…}, {…}, {…}, {…}, {…}, {…}, {…}, {…}, {…}, {…}, {…}, {…}, {…}, {…}, {…}, {…}, {…}, {…}, {…}, {…}, {…}, {…}, {…}, {…}, {…}, {…}, {…}, {…}, {…}, {…}, {…}, {…}, {…}, {…}, {…}, {…}, {…}, {…}, {…}]
VM3374:1 {name: "Pieter Antone Haverbeke", sex: "m", born: 1753, died: 1798, father: "Jan Francies Haverbeke", …} 16 (39) [{…}, {…}, {…}, {…}, {…}, {…}, {…}, {…}, {…}, {…}, {…}, {…}, {…}, {…}, {…}, {…}, {…}, {…}, {…}, {…}, {…}, {…}, {…}, {…}, {…}, {…}, {…}, {…}, {…}, {…}, {…}, {…}, {…}, {…}, {…}, {…}, {…}, {…}, {…}]
VM3374:1 {name: "Maria van Brussel", sex: "f", born: 1801, died: 1834, father: "Jan Frans van Brussel", …} 17 (39) [{…}, {…}, {…}, {…}, {…}, {…}, {…}, {…}, {…}, {…}, {…}, {…}, {…}, {…}, {…}, {…}, {…}, {…}, {…}, {…}, {…}, {…}, {…}, {…}, {…}, {…}, {…}, {…}, {…}, {…}, {…}, {…}, {…}, {…}, {…}, {…}, {…}, {…}, {…}]
VM3374:1 {name: "Angela Haverbeke", sex: "f", born: 1728, died: 1734, father: "Pieter Bernard Haverbeke", …} 18 (39) [{…}, {…}, {…}, {…}, {…}, {…}, {…}, {…}, {…}, {…}, {…}, {…}, {…}, {…}, {…}, {…}, {…}, {…}, {…}, {…}, {…}, {…}, {…}, {…}, {…}, {…}, {…}, {…}, {…}, {…}, {…}, {…}, {…}, {…}, {…}, {…}, {…}, {…}, {…}]
VM3374:1 {name: "Elisabeth Haverbeke", sex: "f", born: 1711, died: 1754, father: "Jan Haverbeke", …} 19 (39) [{…}, {…}, {…}, {…}, {…}, {…}, {…}, {…}, {…}, {…}, {…}, {…}, {…}, {…}, {…}, {…}, {…}, {…}, {…}, {…}, {…}, {…}, {…}, {…}, {…}, {…}, {…}, {…}, {…}, {…}, {…}, {…}, {…}, {…}, {…}, {…}, {…}, {…}, {…}]
VM3374:1 {name: "Lievijne Jans", sex: "f", born: 1542, died: 1582, father: null, …} 20 (39) [{…}, {…}, {…}, {…}, {…}, {…}, {…}, {…}, {…}, {…}, {…}, {…}, {…}, {…}, {…}, {…}, {…}, {…}, {…}, {…}, {…}, {…}, {…}, {…}, {…}, {…}, {…}, {…}, {…}, {…}, {…}, {…}, {…}, {…}, {…}, {…}, {…}, {…}, {…}]
VM3374:1 {name: "Bernardus de Causmaecker", sex: "m", born: 1721, died: 1789, father: "Lieven de Causmaecker", …} 21 (39) [{…}, {…}, {…}, {…}, {…}, {…}, {…}, {…}, {…}, {…}, {…}, {…}, {…}, {…}, {…}, {…}, {…}, {…}, {…}, {…}, {…}, {…}, {…}, {…}, {…}, {…}, {…}, {…}, {…}, {…}, {…}, {…}, {…}, {…}, {…}, {…}, {…}, {…}, {…}]
VM3374:1 {name: "Jacoba Lammens", sex: "f", born: 1699, died: 1740, father: "Lieven Lammens", …} 22 (39) [{…}, {…}, {…}, {…}, {…}, {…}, {…}, {…}, {…}, {…}, {…}, {…}, {…}, {…}, {…}, {…}, {…}, {…}, {…}, {…}, {…}, {…}, {…}, {…}, {…}, {…}, {…}, {…}, {…}, {…}, {…}, {…}, {…}, {…}, {…}, {…}, {…}, {…}, {…}]
VM3374:1 {name: "Pieter de Decker", sex: "m", born: 1705, died: 1780, father: "Joos de Decker", …} 23 (39) [{…}, {…}, {…}, {…}, {…}, {…}, {…}, {…}, {…}, {…}, {…}, {…}, {…}, {…}, {…}, {…}, {…}, {…}, {…}, {…}, {…}, {…}, {…}, {…}, {…}, {…}, {…}, {…}, {…}, {…}, {…}, {…}, {…}, {…}, {…}, {…}, {…}, {…}, {…}]
VM3374:1 {name: "Joanna de Pape", sex: "f", born: 1654, died: 1723, father: "Vincent de Pape", …} 24 (39) [{…}, {…}, {…}, {…}, {…}, {…}, {…}, {…}, {…}, {…}, {…}, {…}, {…}, {…}, {…}, {…}, {…}, {…}, {…}, {…}, {…}, {…}, {…}, {…}, {…}, {…}, {…}, {…}, {…}, {…}, {…}, {…}, {…}, {…}, {…}, {…}, {…}, {…}, {…}]
VM3374:1 {name: "Daniel Haverbeke", sex: "m", born: 1652, died: 1723, father: "Lieven Haverbeke", …} 25 (39) [{…}, {…}, {…}, {…}, {…}, {…}, {…}, {…}, {…}, {…}, {…}, {…}, {…}, {…}, {…}, {…}, {…}, {…}, {…}, {…}, {…}, {…}, {…}, {…}, {…}, {…}, {…}, {…}, {…}, {…}, {…}, {…}, {…}, {…}, {…}, {…}, {…}, {…}, {…}]
VM3374:1 {name: "Lieven Haverbeke", sex: "m", born: 1631, died: 1676, father: "Pieter Haverbeke", …} 26 (39) [{…}, {…}, {…}, {…}, {…}, {…}, {…}, {…}, {…}, {…}, {…}, {…}, {…}, {…}, {…}, {…}, {…}, {…}, {…}, {…}, {…}, {…}, {…}, {…}, {…}, {…}, {…}, {…}, {…}, {…}, {…}, {…}, {…}, {…}, {…}, {…}, {…}, {…}, {…}]
VM3374:1 {name: "Martina de Pape", sex: "f", born: 1666, died: 1727, father: "Vincent de Pape", …} 27 (39) [{…}, {…}, {…}, {…}, {…}, {…}, {…}, {…}, {…}, {…}, {…}, {…}, {…}, {…}, {…}, {…}, {…}, {…}, {…}, {…}, {…}, {…}, {…}, {…}, {…}, {…}, {…}, {…}, {…}, {…}, {…}, {…}, {…}, {…}, {…}, {…}, {…}, {…}, {…}]
VM3374:1 {name: "Jan Francies Haverbeke", sex: "m", born: 1725, died: 1779, father: "Pieter Bernard Haverbeke", …} 28 (39) [{…}, {…}, {…}, {…}, {…}, {…}, {…}, {…}, {…}, {…}, {…}, {…}, {…}, {…}, {…}, {…}, {…}, {…}, {…}, {…}, {…}, {…}, {…}, {…}, {…}, {…}, {…}, {…}, {…}, {…}, {…}, {…}, {…}, {…}, {…}, {…}, {…}, {…}, {…}]
VM3374:1 {name: "Maria Haverbeke", sex: "m", born: 1905, died: 1997, father: "Emile Haverbeke", …} 29 (39) [{…}, {…}, {…}, {…}, {…}, {…}, {…}, {…}, {…}, {…}, {…}, {…}, {…}, {…}, {…}, {…}, {…}, {…}, {…}, {…}, {…}, {…}, {…}, {…}, {…}, {…}, {…}, {…}, {…}, {…}, {…}, {…}, {…}, {…}, {…}, {…}, {…}, {…}, {…}]
VM3374:1 {name: "Petronella de Decker", sex: "f", born: 1731, died: 1781, father: "Pieter de Decker", …} 30 (39) [{…}, {…}, {…}, {…}, {…}, {…}, {…}, {…}, {…}, {…}, {…}, {…}, {…}, {…}, {…}, {…}, {…}, {…}, {…}, {…}, {…}, {…}, {…}, {…}, {…}, {…}, {…}, {…}, {…}, {…}, {…}, {…}, {…}, {…}, {…}, {…}, {…}, {…}, {…}]
VM3374:1 {name: "Livina Sierens", sex: "f", born: 1761, died: 1826, father: "Jan Sierens", …} 31 (39) [{…}, {…}, {…}, {…}, {…}, {…}, {…}, {…}, {…}, {…}, {…}, {…}, {…}, {…}, {…}, {…}, {…}, {…}, {…}, {…}, {…}, {…}, {…}, {…}, {…}, {…}, {…}, {…}, {…}, {…}, {…}, {…}, {…}, {…}, {…}, {…}, {…}, {…}, {…}]
VM3374:1 {name: "Laurentia Haverbeke", sex: "f", born: 1710, died: 1786, father: "Jan Haverbeke", …} 32 (39) [{…}, {…}, {…}, {…}, {…}, {…}, {…}, {…}, {…}, {…}, {…}, {…}, {…}, {…}, {…}, {…}, {…}, {…}, {…}, {…}, {…}, {…}, {…}, {…}, {…}, {…}, {…}, {…}, {…}, {…}, {…}, {…}, {…}, {…}, {…}, {…}, {…}, {…}, {…}]
VM3374:1 {name: "Carel Haverbeke", sex: "m", born: 1796, died: 1837, father: "Pieter Antone Haverbeke", …} 33 (39) [{…}, {…}, {…}, {…}, {…}, {…}, {…}, {…}, {…}, {…}, {…}, {…}, {…}, {…}, {…}, {…}, {…}, {…}, {…}, {…}, {…}, {…}, {…}, {…}, {…}, {…}, {…}, {…}, {…}, {…}, {…}, {…}, {…}, {…}, {…}, {…}, {…}, {…}, {…}]
VM3374:1 {name: "Elisabeth Hercke", sex: "f", born: 1632, died: 1674, father: "Willem Hercke", …} 34 (39) [{…}, {…}, {…}, {…}, {…}, {…}, {…}, {…}, {…}, {…}, {…}, {…}, {…}, {…}, {…}, {…}, {…}, {…}, {…}, {…}, {…}, {…}, {…}, {…}, {…}, {…}, {…}, {…}, {…}, {…}, {…}, {…}, {…}, {…}, {…}, {…}, {…}, {…}, {…}]
VM3374:1 {name: "Jan Haverbeke", sex: "m", born: 1671, died: 1731, father: "Lieven Haverbeke", …} 35 (39) [{…}, {…}, {…}, {…}, {…}, {…}, {…}, {…}, {…}, {…}, {…}, {…}, {…}, {…}, {…}, {…}, {…}, {…}, {…}, {…}, {…}, {…}, {…}, {…}, {…}, {…}, {…}, {…}, {…}, {…}, {…}, {…}, {…}, {…}, {…}, {…}, {…}, {…}, {…}]
VM3374:1 {name: "Anna van Hecke", sex: "f", born: 1607, died: 1670, father: "Paschasius van Hecke", …} 36 (39) [{…}, {…}, {…}, {…}, {…}, {…}, {…}, {…}, {…}, {…}, {…}, {…}, {…}, {…}, {…}, {…}, {…}, {…}, {…}, {…}, {…}, {…}, {…}, {…}, {…}, {…}, {…}, {…}, {…}, {…}, {…}, {…}, {…}, {…}, {…}, {…}, {…}, {…}, {…}]
VM3374:1 {name: "Maria Sturm", sex: "f", born: 1835, died: 1917, father: "Charles Sturm", …} 37 (39) [{…}, {…}, {…}, {…}, {…}, {…}, {…}, {…}, {…}, {…}, {…}, {…}, {…}, {…}, {…}, {…}, {…}, {…}, {…}, {…}, {…}, {…}, {…}, {…}, {…}, {…}, {…}, {…}, {…}, {…}, {…}, {…}, {…}, {…}, {…}, {…}, {…}, {…}, {…}]
VM3374:1 {name: "Jacobus Bernardus van Brussel", sex: "m", born: 1736, died: 1809, father: "Jan van Brussel", …} 38 (39) [{…}, {…}, {…}, {…}, {…}, {…}, {…}, {…}, {…}, {…}, {…}, {…}, {…}, {…}, {…}, {…}, {…}, {…}, {…}, {…}, {…}, {…}, {…}, {…}, {…}, {…}, {…}, {…}, {…}, {…}, {…}, {…}, {…}, {…}, {…}, {…}, {…}, {…}, {…}]
(39) [undefined, undefined, undefined, undefined, undefined, undefined, undefined, undefined, undefined, undefined, undefined, undefined, undefined, undefined, undefined, undefined, undefined, undefined, undefined, undefined, undefined, undefined, undefined, undefined, undefined, undefined, undefined, undefined, undefined, undefined, undefined, undefined, undefined, undefined, undefined, undefined, undefined, undefined, undefined]
byName.map(console.log);
VM3401:1 Uncaught TypeError: byName.map is not a function
    at <anonymous>:1:8
(anonymous) @ VM3401:1
var byName = {};
ancestry.forEach(function(person) {
  byName[person.name] = person;
});
undefined
byName.map(console.log);
VM3405:1 Uncaught TypeError: byName.map is not a function
    at <anonymous>:1:8
(anonymous) @ VM3405:1
var byName = {};
ancestry.forEach(function(person) {
  byName[person.name] = person;
});
undefined
byName
{Carolus Haverbeke: {…}, Emma de Milliano: {…}, Maria de Rycke: {…}, Jan van Brussel: {…}, Philibert Haverbeke: {…}, …}Angela Haverbeke: {name: "Angela Haverbeke", sex: "f", born: 1728, died: 1734, father: "Pieter Bernard Haverbeke", …}Anna van Hecke: {name: "Anna van Hecke", sex: "f", born: 1607, died: 1670, father: "Paschasius van Hecke", …}Bernardus de Causmaecker: {name: "Bernardus de Causmaecker", sex: "m", born: 1721, died: 1789, father: "Lieven de Causmaecker", …}Carel Haverbeke: {name: "Carel Haverbeke", sex: "m", born: 1796, died: 1837, father: "Pieter Antone Haverbeke", …}Carolus Haverbeke: {name: "Carolus Haverbeke", sex: "m", born: 1832, died: 1905, father: "Carel Haverbeke", …}Clara Aernoudts: {name: "Clara Aernoudts", sex: "f", born: 1918, died: 2012, father: "Henry Aernoudts", …}Daniel Haverbeke: {name: "Daniel Haverbeke", sex: "m", born: 1652, died: 1723, father: "Lieven Haverbeke", …}Elisabeth Haverbeke: {name: "Elisabeth Haverbeke", sex: "f", born: 1711, died: 1754, father: "Jan Haverbeke", …}Elisabeth Hercke: {name: "Elisabeth Hercke", sex: "f", born: 1632, died: 1674, father: "Willem Hercke", …}Emile Haverbeke: {name: "Emile Haverbeke", sex: "m", born: 1877, died: 1968, father: "Carolus Haverbeke", …}Emma de Milliano: {name: "Emma de Milliano", sex: "f", born: 1876, died: 1956, father: "Petrus de Milliano", …}Jacoba Lammens: {name: "Jacoba Lammens", sex: "f", born: 1699, died: 1740, father: "Lieven Lammens", …}Jacobus Bernardus van Brussel: {name: "Jacobus Bernardus van Brussel", sex: "m", born: 1736, died: 1809, father: "Jan van Brussel", …}Jan Francies Haverbeke: {name: "Jan Francies Haverbeke", sex: "m", born: 1725, died: 1779, father: "Pieter Bernard Haverbeke", …}Jan Frans van Brussel: {name: "Jan Frans van Brussel", sex: "m", born: 1761, died: 1833, father: "Jacobus Bernardus van Brussel", …}Jan Haverbeke: {name: "Jan Haverbeke", sex: "m", born: 1671, died: 1731, father: "Lieven Haverbeke", …}Jan van Brussel: {name: "Jan van Brussel", sex: "m", born: 1714, died: 1748, father: "Jacobus van Brussel", …}Joanna de Causmaecker: {name: "Joanna de Causmaecker", sex: "f", born: 1762, died: 1807, father: "Bernardus de Causmaecker", …}Joanna de Pape: {name: "Joanna de Pape", sex: "f", born: 1654, died: 1723, father: "Vincent de Pape", …}Laurentia Haverbeke: {name: "Laurentia Haverbeke", sex: "f", born: 1710, died: 1786, father: "Jan Haverbeke", …}Lieven Haverbeke: {name: "Lieven Haverbeke", sex: "m", born: 1631, died: 1676, father: "Pieter Haverbeke", …}Lieven de Causmaecker: {name: "Lieven de Causmaecker", sex: "m", born: 1696, died: 1724, father: "Carel de Causmaecker", …}Lieven van Haverbeke: {name: "Lieven van Haverbeke", sex: "m", born: 1570, died: 1636, father: "Pauwels van Haverbeke", …}Lievijne Jans: {name: "Lievijne Jans", sex: "f", born: 1542, died: 1582, father: null, …}Livina Haverbeke: {name: "Livina Haverbeke", sex: "f", born: 1692, died: 1743, father: "Daniel Haverbeke", …}Livina Sierens: {name: "Livina Sierens", sex: "f", born: 1761, died: 1826, father: "Jan Sierens", …}Maria Haverbeke: {name: "Maria Haverbeke", sex: "m", born: 1905, died: 1997, father: "Emile Haverbeke", …}Maria Sturm: {name: "Maria Sturm", sex: "f", born: 1835, died: 1917, father: "Charles Sturm", …}Maria de Rycke: {name: "Maria de Rycke", sex: "f", born: 1683, died: 1724, father: "Frederik de Rycke", …}Maria van Brussel: {name: "Maria van Brussel", sex: "f", born: 1801, died: 1834, father: "Jan Frans van Brussel", …}Martina de Pape: {name: "Martina de Pape", sex: "f", born: 1666, died: 1727, father: "Vincent de Pape", …}Pauwels van Haverbeke: {name: "Pauwels van Haverbeke", sex: "m", born: 1535, died: 1582, father: "N. van Haverbeke", …}Petronella de Decker: {name: "Petronella de Decker", sex: "f", born: 1731, died: 1781, father: "Pieter de Decker", …}Philibert Haverbeke: {name: "Philibert Haverbeke", sex: "m", born: 1907, died: 1997, father: "Emile Haverbeke", …}Pieter Antone Haverbeke: {name: "Pieter Antone Haverbeke", sex: "m", born: 1753, died: 1798, father: "Jan Francies Haverbeke", …}Pieter Bernard Haverbeke: {name: "Pieter Bernard Haverbeke", sex: "m", born: 1695, died: 1762, father: "Willem Haverbeke", …}Pieter Haverbeke: {name: "Pieter Haverbeke", sex: "m", born: 1602, died: 1642, father: "Lieven van Haverbeke", …}Pieter de Decker: {name: "Pieter de Decker", sex: "m", born: 1705, died: 1780, father: "Joos de Decker", …}Willem Haverbeke: {name: "Willem Haverbeke", sex: "m", born: 1668, died: 1731, father: "Lieven Haverbeke", …}__proto__: Object
function mothersAgeAtBirth(person) {
    if (!(person.mother === null))
        return person.born - byName[person.mother].born;
    else
        return null;
}
undefined
ancestry
(39) [{…}, {…}, {…}, {…}, {…}, {…}, {…}, {…}, {…}, {…}, {…}, {…}, {…}, {…}, {…}, {…}, {…}, {…}, {…}, {…}, {…}, {…}, {…}, {…}, {…}, {…}, {…}, {…}, {…}, {…}, {…}, {…}, {…}, {…}, {…}, {…}, {…}, {…}, {…}]0: born: 1832died: 1905father: "Carel Haverbeke"mother: "Maria van Brussel"name: "Carolus Haverbeke"sex: "m"__proto__: Object1: {name: "Emma de Milliano", sex: "f", born: 1876, died: 1956, father: "Petrus de Milliano", …}2: {name: "Maria de Rycke", sex: "f", born: 1683, died: 1724, father: "Frederik de Rycke", …}3: {name: "Jan van Brussel", sex: "m", born: 1714, died: 1748, father: "Jacobus van Brussel", …}4: {name: "Philibert Haverbeke", sex: "m", born: 1907, died: 1997, father: "Emile Haverbeke", …}5: {name: "Jan Frans van Brussel", sex: "m", born: 1761, died: 1833, father: "Jacobus Bernardus van Brussel", …}6: {name: "Pauwels van Haverbeke", sex: "m", born: 1535, died: 1582, father: "N. van Haverbeke", …}7: {name: "Clara Aernoudts", sex: "f", born: 1918, died: 2012, father: "Henry Aernoudts", …}8: {name: "Emile Haverbeke", sex: "m", born: 1877, died: 1968, father: "Carolus Haverbeke", …}9: {name: "Lieven de Causmaecker", sex: "m", born: 1696, died: 1724, father: "Carel de Causmaecker", …}10: {name: "Pieter Haverbeke", sex: "m", born: 1602, died: 1642, father: "Lieven van Haverbeke", …}11: {name: "Livina Haverbeke", sex: "f", born: 1692, died: 1743, father: "Daniel Haverbeke", …}12: {name: "Pieter Bernard Haverbeke", sex: "m", born: 1695, died: 1762, father: "Willem Haverbeke", …}13: {name: "Lieven van Haverbeke", sex: "m", born: 1570, died: 1636, father: "Pauwels van Haverbeke", …}14: {name: "Joanna de Causmaecker", sex: "f", born: 1762, died: 1807, father: "Bernardus de Causmaecker", …}15: {name: "Willem Haverbeke", sex: "m", born: 1668, died: 1731, father: "Lieven Haverbeke", …}16: {name: "Pieter Antone Haverbeke", sex: "m", born: 1753, died: 1798, father: "Jan Francies Haverbeke", …}17: {name: "Maria van Brussel", sex: "f", born: 1801, died: 1834, father: "Jan Frans van Brussel", …}18: {name: "Angela Haverbeke", sex: "f", born: 1728, died: 1734, father: "Pieter Bernard Haverbeke", …}19: {name: "Elisabeth Haverbeke", sex: "f", born: 1711, died: 1754, father: "Jan Haverbeke", …}20: {name: "Lievijne Jans", sex: "f", born: 1542, died: 1582, father: null, …}21: {name: "Bernardus de Causmaecker", sex: "m", born: 1721, died: 1789, father: "Lieven de Causmaecker", …}22: {name: "Jacoba Lammens", sex: "f", born: 1699, died: 1740, father: "Lieven Lammens", …}23: {name: "Pieter de Decker", sex: "m", born: 1705, died: 1780, father: "Joos de Decker", …}24: {name: "Joanna de Pape", sex: "f", born: 1654, died: 1723, father: "Vincent de Pape", …}25: {name: "Daniel Haverbeke", sex: "m", born: 1652, died: 1723, father: "Lieven Haverbeke", …}26: {name: "Lieven Haverbeke", sex: "m", born: 1631, died: 1676, father: "Pieter Haverbeke", …}27: {name: "Martina de Pape", sex: "f", born: 1666, died: 1727, father: "Vincent de Pape", …}28: {name: "Jan Francies Haverbeke", sex: "m", born: 1725, died: 1779, father: "Pieter Bernard Haverbeke", …}29: {name: "Maria Haverbeke", sex: "m", born: 1905, died: 1997, father: "Emile Haverbeke", …}30: {name: "Petronella de Decker", sex: "f", born: 1731, died: 1781, father: "Pieter de Decker", …}31: {name: "Livina Sierens", sex: "f", born: 1761, died: 1826, father: "Jan Sierens", …}32: {name: "Laurentia Haverbeke", sex: "f", born: 1710, died: 1786, father: "Jan Haverbeke", …}33: {name: "Carel Haverbeke", sex: "m", born: 1796, died: 1837, father: "Pieter Antone Haverbeke", …}34: {name: "Elisabeth Hercke", sex: "f", born: 1632, died: 1674, father: "Willem Hercke", …}35: {name: "Jan Haverbeke", sex: "m", born: 1671, died: 1731, father: "Lieven Haverbeke", …}36: {name: "Anna van Hecke", sex: "f", born: 1607, died: 1670, father: "Paschasius van Hecke", …}37: {name: "Maria Sturm", sex: "f", born: 1835, died: 1917, father: "Charles Sturm", …}38: {name: "Jacobus Bernardus van Brussel", sex: "m", born: 1736, died: 1809, father: "Jan van Brussel", …}length: 39__proto__: Array(0)
function average(array) {
    function plus(a, b) {return a + b; }
    return array.reduce(plus) / array.length;
}
undefined
console.log(average(ancestry.map(mothersAgeAtBirth)));
VM3510:3 Uncaught TypeError: Cannot read property 'born' of undefined
    at mothersAgeAtBirth (<anonymous>:3:52)
    at Array.map (<anonymous>)
    at <anonymous>:1:30
mothersAgeAtBirth @ VM3510:3
(anonymous) @ VM3625:1
function mothersAgeAtBirth(person) {
    if (!(person.mother === null))
        return person.born - byName[person.mother].born;
    else
        return null;
}
undefined
average(ancestry.map(console.log));
VM3758:1 {name: "Carolus Haverbeke", sex: "m", born: 1832, died: 1905, father: "Carel Haverbeke", …} 0 (39) [{…}, {…}, {…}, {…}, {…}, {…}, {…}, {…}, {…}, {…}, {…}, {…}, {…}, {…}, {…}, {…}, {…}, {…}, {…}, {…}, {…}, {…}, {…}, {…}, {…}, {…}, {…}, {…}, {…}, {…}, {…}, {…}, {…}, {…}, {…}, {…}, {…}, {…}, {…}]
VM3758:1 {name: "Emma de Milliano", sex: "f", born: 1876, died: 1956, father: "Petrus de Milliano", …} 1 (39) [{…}, {…}, {…}, {…}, {…}, {…}, {…}, {…}, {…}, {…}, {…}, {…}, {…}, {…}, {…}, {…}, {…}, {…}, {…}, {…}, {…}, {…}, {…}, {…}, {…}, {…}, {…}, {…}, {…}, {…}, {…}, {…}, {…}, {…}, {…}, {…}, {…}, {…}, {…}]
VM3758:1 {name: "Maria de Rycke", sex: "f", born: 1683, died: 1724, father: "Frederik de Rycke", …} 2 (39) [{…}, {…}, {…}, {…}, {…}, {…}, {…}, {…}, {…}, {…}, {…}, {…}, {…}, {…}, {…}, {…}, {…}, {…}, {…}, {…}, {…}, {…}, {…}, {…}, {…}, {…}, {…}, {…}, {…}, {…}, {…}, {…}, {…}, {…}, {…}, {…}, {…}, {…}, {…}]
VM3758:1 {name: "Jan van Brussel", sex: "m", born: 1714, died: 1748, father: "Jacobus van Brussel", …} 3 (39) [{…}, {…}, {…}, {…}, {…}, {…}, {…}, {…}, {…}, {…}, {…}, {…}, {…}, {…}, {…}, {…}, {…}, {…}, {…}, {…}, {…}, {…}, {…}, {…}, {…}, {…}, {…}, {…}, {…}, {…}, {…}, {…}, {…}, {…}, {…}, {…}, {…}, {…}, {…}]
VM3758:1 {name: "Philibert Haverbeke", sex: "m", born: 1907, died: 1997, father: "Emile Haverbeke", …} 4 (39) [{…}, {…}, {…}, {…}, {…}, {…}, {…}, {…}, {…}, {…}, {…}, {…}, {…}, {…}, {…}, {…}, {…}, {…}, {…}, {…}, {…}, {…}, {…}, {…}, {…}, {…}, {…}, {…}, {…}, {…}, {…}, {…}, {…}, {…}, {…}, {…}, {…}, {…}, {…}]
VM3758:1 {name: "Jan Frans van Brussel", sex: "m", born: 1761, died: 1833, father: "Jacobus Bernardus van Brussel", …} 5 (39) [{…}, {…}, {…}, {…}, {…}, {…}, {…}, {…}, {…}, {…}, {…}, {…}, {…}, {…}, {…}, {…}, {…}, {…}, {…}, {…}, {…}, {…}, {…}, {…}, {…}, {…}, {…}, {…}, {…}, {…}, {…}, {…}, {…}, {…}, {…}, {…}, {…}, {…}, {…}]
VM3758:1 {name: "Pauwels van Haverbeke", sex: "m", born: 1535, died: 1582, father: "N. van Haverbeke", …} 6 (39) [{…}, {…}, {…}, {…}, {…}, {…}, {…}, {…}, {…}, {…}, {…}, {…}, {…}, {…}, {…}, {…}, {…}, {…}, {…}, {…}, {…}, {…}, {…}, {…}, {…}, {…}, {…}, {…}, {…}, {…}, {…}, {…}, {…}, {…}, {…}, {…}, {…}, {…}, {…}]
VM3758:1 {name: "Clara Aernoudts", sex: "f", born: 1918, died: 2012, father: "Henry Aernoudts", …} 7 (39) [{…}, {…}, {…}, {…}, {…}, {…}, {…}, {…}, {…}, {…}, {…}, {…}, {…}, {…}, {…}, {…}, {…}, {…}, {…}, {…}, {…}, {…}, {…}, {…}, {…}, {…}, {…}, {…}, {…}, {…}, {…}, {…}, {…}, {…}, {…}, {…}, {…}, {…}, {…}]
VM3758:1 {name: "Emile Haverbeke", sex: "m", born: 1877, died: 1968, father: "Carolus Haverbeke", …} 8 (39) [{…}, {…}, {…}, {…}, {…}, {…}, {…}, {…}, {…}, {…}, {…}, {…}, {…}, {…}, {…}, {…}, {…}, {…}, {…}, {…}, {…}, {…}, {…}, {…}, {…}, {…}, {…}, {…}, {…}, {…}, {…}, {…}, {…}, {…}, {…}, {…}, {…}, {…}, {…}]
VM3758:1 {name: "Lieven de Causmaecker", sex: "m", born: 1696, died: 1724, father: "Carel de Causmaecker", …} 9 (39) [{…}, {…}, {…}, {…}, {…}, {…}, {…}, {…}, {…}, {…}, {…}, {…}, {…}, {…}, {…}, {…}, {…}, {…}, {…}, {…}, {…}, {…}, {…}, {…}, {…}, {…}, {…}, {…}, {…}, {…}, {…}, {…}, {…}, {…}, {…}, {…}, {…}, {…}, {…}]
VM3758:1 {name: "Pieter Haverbeke", sex: "m", born: 1602, died: 1642, father: "Lieven van Haverbeke", …} 10 (39) [{…}, {…}, {…}, {…}, {…}, {…}, {…}, {…}, {…}, {…}, {…}, {…}, {…}, {…}, {…}, {…}, {…}, {…}, {…}, {…}, {…}, {…}, {…}, {…}, {…}, {…}, {…}, {…}, {…}, {…}, {…}, {…}, {…}, {…}, {…}, {…}, {…}, {…}, {…}]
VM3758:1 {name: "Livina Haverbeke", sex: "f", born: 1692, died: 1743, father: "Daniel Haverbeke", …} 11 (39) [{…}, {…}, {…}, {…}, {…}, {…}, {…}, {…}, {…}, {…}, {…}, {…}, {…}, {…}, {…}, {…}, {…}, {…}, {…}, {…}, {…}, {…}, {…}, {…}, {…}, {…}, {…}, {…}, {…}, {…}, {…}, {…}, {…}, {…}, {…}, {…}, {…}, {…}, {…}]
VM3758:1 {name: "Pieter Bernard Haverbeke", sex: "m", born: 1695, died: 1762, father: "Willem Haverbeke", …} 12 (39) [{…}, {…}, {…}, {…}, {…}, {…}, {…}, {…}, {…}, {…}, {…}, {…}, {…}, {…}, {…}, {…}, {…}, {…}, {…}, {…}, {…}, {…}, {…}, {…}, {…}, {…}, {…}, {…}, {…}, {…}, {…}, {…}, {…}, {…}, {…}, {…}, {…}, {…}, {…}]
VM3758:1 {name: "Lieven van Haverbeke", sex: "m", born: 1570, died: 1636, father: "Pauwels van Haverbeke", …} 13 (39) [{…}, {…}, {…}, {…}, {…}, {…}, {…}, {…}, {…}, {…}, {…}, {…}, {…}, {…}, {…}, {…}, {…}, {…}, {…}, {…}, {…}, {…}, {…}, {…}, {…}, {…}, {…}, {…}, {…}, {…}, {…}, {…}, {…}, {…}, {…}, {…}, {…}, {…}, {…}]
VM3758:1 {name: "Joanna de Causmaecker", sex: "f", born: 1762, died: 1807, father: "Bernardus de Causmaecker", …} 14 (39) [{…}, {…}, {…}, {…}, {…}, {…}, {…}, {…}, {…}, {…}, {…}, {…}, {…}, {…}, {…}, {…}, {…}, {…}, {…}, {…}, {…}, {…}, {…}, {…}, {…}, {…}, {…}, {…}, {…}, {…}, {…}, {…}, {…}, {…}, {…}, {…}, {…}, {…}, {…}]
VM3758:1 {name: "Willem Haverbeke", sex: "m", born: 1668, died: 1731, father: "Lieven Haverbeke", …} 15 (39) [{…}, {…}, {…}, {…}, {…}, {…}, {…}, {…}, {…}, {…}, {…}, {…}, {…}, {…}, {…}, {…}, {…}, {…}, {…}, {…}, {…}, {…}, {…}, {…}, {…}, {…}, {…}, {…}, {…}, {…}, {…}, {…}, {…}, {…}, {…}, {…}, {…}, {…}, {…}]
VM3758:1 {name: "Pieter Antone Haverbeke", sex: "m", born: 1753, died: 1798, father: "Jan Francies Haverbeke", …} 16 (39) [{…}, {…}, {…}, {…}, {…}, {…}, {…}, {…}, {…}, {…}, {…}, {…}, {…}, {…}, {…}, {…}, {…}, {…}, {…}, {…}, {…}, {…}, {…}, {…}, {…}, {…}, {…}, {…}, {…}, {…}, {…}, {…}, {…}, {…}, {…}, {…}, {…}, {…}, {…}]
VM3758:1 {name: "Maria van Brussel", sex: "f", born: 1801, died: 1834, father: "Jan Frans van Brussel", …} 17 (39) [{…}, {…}, {…}, {…}, {…}, {…}, {…}, {…}, {…}, {…}, {…}, {…}, {…}, {…}, {…}, {…}, {…}, {…}, {…}, {…}, {…}, {…}, {…}, {…}, {…}, {…}, {…}, {…}, {…}, {…}, {…}, {…}, {…}, {…}, {…}, {…}, {…}, {…}, {…}]
VM3758:1 {name: "Angela Haverbeke", sex: "f", born: 1728, died: 1734, father: "Pieter Bernard Haverbeke", …} 18 (39) [{…}, {…}, {…}, {…}, {…}, {…}, {…}, {…}, {…}, {…}, {…}, {…}, {…}, {…}, {…}, {…}, {…}, {…}, {…}, {…}, {…}, {…}, {…}, {…}, {…}, {…}, {…}, {…}, {…}, {…}, {…}, {…}, {…}, {…}, {…}, {…}, {…}, {…}, {…}]
VM3758:1 {name: "Elisabeth Haverbeke", sex: "f", born: 1711, died: 1754, father: "Jan Haverbeke", …} 19 (39) [{…}, {…}, {…}, {…}, {…}, {…}, {…}, {…}, {…}, {…}, {…}, {…}, {…}, {…}, {…}, {…}, {…}, {…}, {…}, {…}, {…}, {…}, {…}, {…}, {…}, {…}, {…}, {…}, {…}, {…}, {…}, {…}, {…}, {…}, {…}, {…}, {…}, {…}, {…}]
VM3758:1 {name: "Lievijne Jans", sex: "f", born: 1542, died: 1582, father: null, …} 20 (39) [{…}, {…}, {…}, {…}, {…}, {…}, {…}, {…}, {…}, {…}, {…}, {…}, {…}, {…}, {…}, {…}, {…}, {…}, {…}, {…}, {…}, {…}, {…}, {…}, {…}, {…}, {…}, {…}, {…}, {…}, {…}, {…}, {…}, {…}, {…}, {…}, {…}, {…}, {…}]
VM3758:1 {name: "Bernardus de Causmaecker", sex: "m", born: 1721, died: 1789, father: "Lieven de Causmaecker", …} 21 (39) [{…}, {…}, {…}, {…}, {…}, {…}, {…}, {…}, {…}, {…}, {…}, {…}, {…}, {…}, {…}, {…}, {…}, {…}, {…}, {…}, {…}, {…}, {…}, {…}, {…}, {…}, {…}, {…}, {…}, {…}, {…}, {…}, {…}, {…}, {…}, {…}, {…}, {…}, {…}]
VM3758:1 {name: "Jacoba Lammens", sex: "f", born: 1699, died: 1740, father: "Lieven Lammens", …} 22 (39) [{…}, {…}, {…}, {…}, {…}, {…}, {…}, {…}, {…}, {…}, {…}, {…}, {…}, {…}, {…}, {…}, {…}, {…}, {…}, {…}, {…}, {…}, {…}, {…}, {…}, {…}, {…}, {…}, {…}, {…}, {…}, {…}, {…}, {…}, {…}, {…}, {…}, {…}, {…}]
VM3758:1 {name: "Pieter de Decker", sex: "m", born: 1705, died: 1780, father: "Joos de Decker", …} 23 (39) [{…}, {…}, {…}, {…}, {…}, {…}, {…}, {…}, {…}, {…}, {…}, {…}, {…}, {…}, {…}, {…}, {…}, {…}, {…}, {…}, {…}, {…}, {…}, {…}, {…}, {…}, {…}, {…}, {…}, {…}, {…}, {…}, {…}, {…}, {…}, {…}, {…}, {…}, {…}]
VM3758:1 {name: "Joanna de Pape", sex: "f", born: 1654, died: 1723, father: "Vincent de Pape", …} 24 (39) [{…}, {…}, {…}, {…}, {…}, {…}, {…}, {…}, {…}, {…}, {…}, {…}, {…}, {…}, {…}, {…}, {…}, {…}, {…}, {…}, {…}, {…}, {…}, {…}, {…}, {…}, {…}, {…}, {…}, {…}, {…}, {…}, {…}, {…}, {…}, {…}, {…}, {…}, {…}]
VM3758:1 {name: "Daniel Haverbeke", sex: "m", born: 1652, died: 1723, father: "Lieven Haverbeke", …} 25 (39) [{…}, {…}, {…}, {…}, {…}, {…}, {…}, {…}, {…}, {…}, {…}, {…}, {…}, {…}, {…}, {…}, {…}, {…}, {…}, {…}, {…}, {…}, {…}, {…}, {…}, {…}, {…}, {…}, {…}, {…}, {…}, {…}, {…}, {…}, {…}, {…}, {…}, {…}, {…}]
VM3758:1 {name: "Lieven Haverbeke", sex: "m", born: 1631, died: 1676, father: "Pieter Haverbeke", …} 26 (39) [{…}, {…}, {…}, {…}, {…}, {…}, {…}, {…}, {…}, {…}, {…}, {…}, {…}, {…}, {…}, {…}, {…}, {…}, {…}, {…}, {…}, {…}, {…}, {…}, {…}, {…}, {…}, {…}, {…}, {…}, {…}, {…}, {…}, {…}, {…}, {…}, {…}, {…}, {…}]
VM3758:1 {name: "Martina de Pape", sex: "f", born: 1666, died: 1727, father: "Vincent de Pape", …} 27 (39) [{…}, {…}, {…}, {…}, {…}, {…}, {…}, {…}, {…}, {…}, {…}, {…}, {…}, {…}, {…}, {…}, {…}, {…}, {…}, {…}, {…}, {…}, {…}, {…}, {…}, {…}, {…}, {…}, {…}, {…}, {…}, {…}, {…}, {…}, {…}, {…}, {…}, {…}, {…}]
VM3758:1 {name: "Jan Francies Haverbeke", sex: "m", born: 1725, died: 1779, father: "Pieter Bernard Haverbeke", …} 28 (39) [{…}, {…}, {…}, {…}, {…}, {…}, {…}, {…}, {…}, {…}, {…}, {…}, {…}, {…}, {…}, {…}, {…}, {…}, {…}, {…}, {…}, {…}, {…}, {…}, {…}, {…}, {…}, {…}, {…}, {…}, {…}, {…}, {…}, {…}, {…}, {…}, {…}, {…}, {…}]
VM3758:1 {name: "Maria Haverbeke", sex: "m", born: 1905, died: 1997, father: "Emile Haverbeke", …} 29 (39) [{…}, {…}, {…}, {…}, {…}, {…}, {…}, {…}, {…}, {…}, {…}, {…}, {…}, {…}, {…}, {…}, {…}, {…}, {…}, {…}, {…}, {…}, {…}, {…}, {…}, {…}, {…}, {…}, {…}, {…}, {…}, {…}, {…}, {…}, {…}, {…}, {…}, {…}, {…}]
VM3758:1 {name: "Petronella de Decker", sex: "f", born: 1731, died: 1781, father: "Pieter de Decker", …} 30 (39) [{…}, {…}, {…}, {…}, {…}, {…}, {…}, {…}, {…}, {…}, {…}, {…}, {…}, {…}, {…}, {…}, {…}, {…}, {…}, {…}, {…}, {…}, {…}, {…}, {…}, {…}, {…}, {…}, {…}, {…}, {…}, {…}, {…}, {…}, {…}, {…}, {…}, {…}, {…}]
VM3758:1 {name: "Livina Sierens", sex: "f", born: 1761, died: 1826, father: "Jan Sierens", …} 31 (39) [{…}, {…}, {…}, {…}, {…}, {…}, {…}, {…}, {…}, {…}, {…}, {…}, {…}, {…}, {…}, {…}, {…}, {…}, {…}, {…}, {…}, {…}, {…}, {…}, {…}, {…}, {…}, {…}, {…}, {…}, {…}, {…}, {…}, {…}, {…}, {…}, {…}, {…}, {…}]
VM3758:1 {name: "Laurentia Haverbeke", sex: "f", born: 1710, died: 1786, father: "Jan Haverbeke", …} 32 (39) [{…}, {…}, {…}, {…}, {…}, {…}, {…}, {…}, {…}, {…}, {…}, {…}, {…}, {…}, {…}, {…}, {…}, {…}, {…}, {…}, {…}, {…}, {…}, {…}, {…}, {…}, {…}, {…}, {…}, {…}, {…}, {…}, {…}, {…}, {…}, {…}, {…}, {…}, {…}]
VM3758:1 {name: "Carel Haverbeke", sex: "m", born: 1796, died: 1837, father: "Pieter Antone Haverbeke", …} 33 (39) [{…}, {…}, {…}, {…}, {…}, {…}, {…}, {…}, {…}, {…}, {…}, {…}, {…}, {…}, {…}, {…}, {…}, {…}, {…}, {…}, {…}, {…}, {…}, {…}, {…}, {…}, {…}, {…}, {…}, {…}, {…}, {…}, {…}, {…}, {…}, {…}, {…}, {…}, {…}]
VM3758:1 {name: "Elisabeth Hercke", sex: "f", born: 1632, died: 1674, father: "Willem Hercke", …} 34 (39) [{…}, {…}, {…}, {…}, {…}, {…}, {…}, {…}, {…}, {…}, {…}, {…}, {…}, {…}, {…}, {…}, {…}, {…}, {…}, {…}, {…}, {…}, {…}, {…}, {…}, {…}, {…}, {…}, {…}, {…}, {…}, {…}, {…}, {…}, {…}, {…}, {…}, {…}, {…}]
VM3758:1 {name: "Jan Haverbeke", sex: "m", born: 1671, died: 1731, father: "Lieven Haverbeke", …} 35 (39) [{…}, {…}, {…}, {…}, {…}, {…}, {…}, {…}, {…}, {…}, {…}, {…}, {…}, {…}, {…}, {…}, {…}, {…}, {…}, {…}, {…}, {…}, {…}, {…}, {…}, {…}, {…}, {…}, {…}, {…}, {…}, {…}, {…}, {…}, {…}, {…}, {…}, {…}, {…}]
VM3758:1 {name: "Anna van Hecke", sex: "f", born: 1607, died: 1670, father: "Paschasius van Hecke", …} 36 (39) [{…}, {…}, {…}, {…}, {…}, {…}, {…}, {…}, {…}, {…}, {…}, {…}, {…}, {…}, {…}, {…}, {…}, {…}, {…}, {…}, {…}, {…}, {…}, {…}, {…}, {…}, {…}, {…}, {…}, {…}, {…}, {…}, {…}, {…}, {…}, {…}, {…}, {…}, {…}]
VM3758:1 {name: "Maria Sturm", sex: "f", born: 1835, died: 1917, father: "Charles Sturm", …} 37 (39) [{…}, {…}, {…}, {…}, {…}, {…}, {…}, {…}, {…}, {…}, {…}, {…}, {…}, {…}, {…}, {…}, {…}, {…}, {…}, {…}, {…}, {…}, {…}, {…}, {…}, {…}, {…}, {…}, {…}, {…}, {…}, {…}, {…}, {…}, {…}, {…}, {…}, {…}, {…}]
VM3758:1 {name: "Jacobus Bernardus van Brussel", sex: "m", born: 1736, died: 1809, father: "Jan van Brussel", …} 38 (39) [{…}, {…}, {…}, {…}, {…}, {…}, {…}, {…}, {…}, {…}, {…}, {…}, {…}, {…}, {…}, {…}, {…}, {…}, {…}, {…}, {…}, {…}, {…}, {…}, {…}, {…}, {…}, {…}, {…}, {…}, {…}, {…}, {…}, {…}, {…}, {…}, {…}, {…}, {…}]
NaN
function mothersAgeAtBirth(person) {
    if (!(person.mother === null))
        return person.born - byName[person.mother].born;
    else
        return null;
}
undefined
ancestry[3];
{name: "Jan van Brussel", sex: "m", born: 1714, died: 1748, father: "Jacobus van Brussel", …}
mothersAgeAtBirth(ancestry[3]);
VM3776:3 Uncaught TypeError: Cannot read property 'born' of undefined
    at mothersAgeAtBirth (<anonymous>:3:52)
    at <anonymous>:1:1
mothersAgeAtBirth @ VM3776:3
(anonymous) @ VM3825:1
function mothersAgeAtBirth(person) {
    if (!(person.mother === null))
        return person.born - person.died;
    else
        return null;
}
undefined
mothersAgeAtBirth(ancestry[3]);
-34
function mothersBirthYear(person) {
    return byName[person.mother].born;
    ]
VM3913:3 Uncaught SyntaxError: Unexpected token ]
function mothersBirthYear(person) {
    return byName[person.mother].born;
}
undefined
mothersBirthYear(ancestry[14]);
VM3919:2 Uncaught TypeError: Cannot read property 'born' of undefined
    at mothersBirthYear (<anonymous>:2:34)
    at <anonymous>:1:1
mothersBirthYear @ VM3919:2
(anonymous) @ VM3988:1
ancestry[14]
{name: "Joanna de Causmaecker", sex: "f", born: 1762, died: 1807, father: "Bernardus de Causmaecker", …}born: 1762died: 1807father: "Bernardus de Causmaecker"mother: nullname: "Joanna de Causmaecker"sex: "f"__proto__: Object
ancestry[15]
{name: "Willem Haverbeke", sex: "m", born: 1668, died: 1731, father: "Lieven Haverbeke", …}born: 1668died: 1731father: "Lieven Haverbeke"mother: "Elisabeth Hercke"name: "Willem Haverbeke"sex: "m"__proto__: Object
mothersBirthYear(ancestry[15]);
1632
function mothersAgeAtBirth(person) {
    if (!(person.mother === null))
        return person.born - mothersBirthYear(person);
    else
        return null;
}
undefined
mothersAgeAtBirth(ancestry[15]);
36
mothersAgeAtBirth(ancestry[14]);
null
function mothersAgeAtBirth(person) {
    if (!(person.mother === null))
        return person.born - mothersBirthYear(person);
    else
        return 0;
}
undefined
mothersAgeAtBirth(ancestry[14]);
0
mothersAgeAtBirth(ancestry[15]);
36
average(ancestry.map(mothersAgeAtBirth));
VM3919:2 Uncaught TypeError: Cannot read property 'born' of undefined
    at mothersBirthYear (<anonymous>:2:34)
    at mothersAgeAtBirth (<anonymous>:3:30)
    at Array.map (<anonymous>)
    at <anonymous>:1:18
mothersBirthYear @ VM3919:2
mothersAgeAtBirth @ VM4051:3
(anonymous) @ VM4097:1
mothersAgeAtBirth(ancestry[14]);
0
ancestry.map(console.log);
VM4311:1 {name: "Carolus Haverbeke", sex: "m", born: 1832, died: 1905, father: "Carel Haverbeke", …} 0 (39) [{…}, {…}, {…}, {…}, {…}, {…}, {…}, {…}, {…}, {…}, {…}, {…}, {…}, {…}, {…}, {…}, {…}, {…}, {…}, {…}, {…}, {…}, {…}, {…}, {…}, {…}, {…}, {…}, {…}, {…}, {…}, {…}, {…}, {…}, {…}, {…}, {…}, {…}, {…}]
VM4311:1 {name: "Emma de Milliano", sex: "f", born: 1876, died: 1956, father: "Petrus de Milliano", …} 1 (39) [{…}, {…}, {…}, {…}, {…}, {…}, {…}, {…}, {…}, {…}, {…}, {…}, {…}, {…}, {…}, {…}, {…}, {…}, {…}, {…}, {…}, {…}, {…}, {…}, {…}, {…}, {…}, {…}, {…}, {…}, {…}, {…}, {…}, {…}, {…}, {…}, {…}, {…}, {…}]
VM4311:1 {name: "Maria de Rycke", sex: "f", born: 1683, died: 1724, father: "Frederik de Rycke", …} 2 (39) [{…}, {…}, {…}, {…}, {…}, {…}, {…}, {…}, {…}, {…}, {…}, {…}, {…}, {…}, {…}, {…}, {…}, {…}, {…}, {…}, {…}, {…}, {…}, {…}, {…}, {…}, {…}, {…}, {…}, {…}, {…}, {…}, {…}, {…}, {…}, {…}, {…}, {…}, {…}]
VM4311:1 {name: "Jan van Brussel", sex: "m", born: 1714, died: 1748, father: "Jacobus van Brussel", …} 3 (39) [{…}, {…}, {…}, {…}, {…}, {…}, {…}, {…}, {…}, {…}, {…}, {…}, {…}, {…}, {…}, {…}, {…}, {…}, {…}, {…}, {…}, {…}, {…}, {…}, {…}, {…}, {…}, {…}, {…}, {…}, {…}, {…}, {…}, {…}, {…}, {…}, {…}, {…}, {…}]
VM4311:1 {name: "Philibert Haverbeke", sex: "m", born: 1907, died: 1997, father: "Emile Haverbeke", …} 4 (39) [{…}, {…}, {…}, {…}, {…}, {…}, {…}, {…}, {…}, {…}, {…}, {…}, {…}, {…}, {…}, {…}, {…}, {…}, {…}, {…}, {…}, {…}, {…}, {…}, {…}, {…}, {…}, {…}, {…}, {…}, {…}, {…}, {…}, {…}, {…}, {…}, {…}, {…}, {…}]
VM4311:1 {name: "Jan Frans van Brussel", sex: "m", born: 1761, died: 1833, father: "Jacobus Bernardus van Brussel", …} 5 (39) [{…}, {…}, {…}, {…}, {…}, {…}, {…}, {…}, {…}, {…}, {…}, {…}, {…}, {…}, {…}, {…}, {…}, {…}, {…}, {…}, {…}, {…}, {…}, {…}, {…}, {…}, {…}, {…}, {…}, {…}, {…}, {…}, {…}, {…}, {…}, {…}, {…}, {…}, {…}]
VM4311:1 {name: "Pauwels van Haverbeke", sex: "m", born: 1535, died: 1582, father: "N. van Haverbeke", …} 6 (39) [{…}, {…}, {…}, {…}, {…}, {…}, {…}, {…}, {…}, {…}, {…}, {…}, {…}, {…}, {…}, {…}, {…}, {…}, {…}, {…}, {…}, {…}, {…}, {…}, {…}, {…}, {…}, {…}, {…}, {…}, {…}, {…}, {…}, {…}, {…}, {…}, {…}, {…}, {…}]
VM4311:1 {name: "Clara Aernoudts", sex: "f", born: 1918, died: 2012, father: "Henry Aernoudts", …} 7 (39) [{…}, {…}, {…}, {…}, {…}, {…}, {…}, {…}, {…}, {…}, {…}, {…}, {…}, {…}, {…}, {…}, {…}, {…}, {…}, {…}, {…}, {…}, {…}, {…}, {…}, {…}, {…}, {…}, {…}, {…}, {…}, {…}, {…}, {…}, {…}, {…}, {…}, {…}, {…}]
VM4311:1 {name: "Emile Haverbeke", sex: "m", born: 1877, died: 1968, father: "Carolus Haverbeke", …} 8 (39) [{…}, {…}, {…}, {…}, {…}, {…}, {…}, {…}, {…}, {…}, {…}, {…}, {…}, {…}, {…}, {…}, {…}, {…}, {…}, {…}, {…}, {…}, {…}, {…}, {…}, {…}, {…}, {…}, {…}, {…}, {…}, {…}, {…}, {…}, {…}, {…}, {…}, {…}, {…}]
VM4311:1 {name: "Lieven de Causmaecker", sex: "m", born: 1696, died: 1724, father: "Carel de Causmaecker", …} 9 (39) [{…}, {…}, {…}, {…}, {…}, {…}, {…}, {…}, {…}, {…}, {…}, {…}, {…}, {…}, {…}, {…}, {…}, {…}, {…}, {…}, {…}, {…}, {…}, {…}, {…}, {…}, {…}, {…}, {…}, {…}, {…}, {…}, {…}, {…}, {…}, {…}, {…}, {…}, {…}]
VM4311:1 {name: "Pieter Haverbeke", sex: "m", born: 1602, died: 1642, father: "Lieven van Haverbeke", …} 10 (39) [{…}, {…}, {…}, {…}, {…}, {…}, {…}, {…}, {…}, {…}, {…}, {…}, {…}, {…}, {…}, {…}, {…}, {…}, {…}, {…}, {…}, {…}, {…}, {…}, {…}, {…}, {…}, {…}, {…}, {…}, {…}, {…}, {…}, {…}, {…}, {…}, {…}, {…}, {…}]
VM4311:1 {name: "Livina Haverbeke", sex: "f", born: 1692, died: 1743, father: "Daniel Haverbeke", …} 11 (39) [{…}, {…}, {…}, {…}, {…}, {…}, {…}, {…}, {…}, {…}, {…}, {…}, {…}, {…}, {…}, {…}, {…}, {…}, {…}, {…}, {…}, {…}, {…}, {…}, {…}, {…}, {…}, {…}, {…}, {…}, {…}, {…}, {…}, {…}, {…}, {…}, {…}, {…}, {…}]
VM4311:1 {name: "Pieter Bernard Haverbeke", sex: "m", born: 1695, died: 1762, father: "Willem Haverbeke", …} 12 (39) [{…}, {…}, {…}, {…}, {…}, {…}, {…}, {…}, {…}, {…}, {…}, {…}, {…}, {…}, {…}, {…}, {…}, {…}, {…}, {…}, {…}, {…}, {…}, {…}, {…}, {…}, {…}, {…}, {…}, {…}, {…}, {…}, {…}, {…}, {…}, {…}, {…}, {…}, {…}]
VM4311:1 {name: "Lieven van Haverbeke", sex: "m", born: 1570, died: 1636, father: "Pauwels van Haverbeke", …} 13 (39) [{…}, {…}, {…}, {…}, {…}, {…}, {…}, {…}, {…}, {…}, {…}, {…}, {…}, {…}, {…}, {…}, {…}, {…}, {…}, {…}, {…}, {…}, {…}, {…}, {…}, {…}, {…}, {…}, {…}, {…}, {…}, {…}, {…}, {…}, {…}, {…}, {…}, {…}, {…}]
VM4311:1 {name: "Joanna de Causmaecker", sex: "f", born: 1762, died: 1807, father: "Bernardus de Causmaecker", …} 14 (39) [{…}, {…}, {…}, {…}, {…}, {…}, {…}, {…}, {…}, {…}, {…}, {…}, {…}, {…}, {…}, {…}, {…}, {…}, {…}, {…}, {…}, {…}, {…}, {…}, {…}, {…}, {…}, {…}, {…}, {…}, {…}, {…}, {…}, {…}, {…}, {…}, {…}, {…}, {…}]
VM4311:1 {name: "Willem Haverbeke", sex: "m", born: 1668, died: 1731, father: "Lieven Haverbeke", …} 15 (39) [{…}, {…}, {…}, {…}, {…}, {…}, {…}, {…}, {…}, {…}, {…}, {…}, {…}, {…}, {…}, {…}, {…}, {…}, {…}, {…}, {…}, {…}, {…}, {…}, {…}, {…}, {…}, {…}, {…}, {…}, {…}, {…}, {…}, {…}, {…}, {…}, {…}, {…}, {…}]
VM4311:1 {name: "Pieter Antone Haverbeke", sex: "m", born: 1753, died: 1798, father: "Jan Francies Haverbeke", …} 16 (39) [{…}, {…}, {…}, {…}, {…}, {…}, {…}, {…}, {…}, {…}, {…}, {…}, {…}, {…}, {…}, {…}, {…}, {…}, {…}, {…}, {…}, {…}, {…}, {…}, {…}, {…}, {…}, {…}, {…}, {…}, {…}, {…}, {…}, {…}, {…}, {…}, {…}, {…}, {…}]
VM4311:1 {name: "Maria van Brussel", sex: "f", born: 1801, died: 1834, father: "Jan Frans van Brussel", …} 17 (39) [{…}, {…}, {…}, {…}, {…}, {…}, {…}, {…}, {…}, {…}, {…}, {…}, {…}, {…}, {…}, {…}, {…}, {…}, {…}, {…}, {…}, {…}, {…}, {…}, {…}, {…}, {…}, {…}, {…}, {…}, {…}, {…}, {…}, {…}, {…}, {…}, {…}, {…}, {…}]
VM4311:1 {name: "Angela Haverbeke", sex: "f", born: 1728, died: 1734, father: "Pieter Bernard Haverbeke", …} 18 (39) [{…}, {…}, {…}, {…}, {…}, {…}, {…}, {…}, {…}, {…}, {…}, {…}, {…}, {…}, {…}, {…}, {…}, {…}, {…}, {…}, {…}, {…}, {…}, {…}, {…}, {…}, {…}, {…}, {…}, {…}, {…}, {…}, {…}, {…}, {…}, {…}, {…}, {…}, {…}]
VM4311:1 {name: "Elisabeth Haverbeke", sex: "f", born: 1711, died: 1754, father: "Jan Haverbeke", …} 19 (39) [{…}, {…}, {…}, {…}, {…}, {…}, {…}, {…}, {…}, {…}, {…}, {…}, {…}, {…}, {…}, {…}, {…}, {…}, {…}, {…}, {…}, {…}, {…}, {…}, {…}, {…}, {…}, {…}, {…}, {…}, {…}, {…}, {…}, {…}, {…}, {…}, {…}, {…}, {…}]
VM4311:1 {name: "Lievijne Jans", sex: "f", born: 1542, died: 1582, father: null, …} 20 (39) [{…}, {…}, {…}, {…}, {…}, {…}, {…}, {…}, {…}, {…}, {…}, {…}, {…}, {…}, {…}, {…}, {…}, {…}, {…}, {…}, {…}, {…}, {…}, {…}, {…}, {…}, {…}, {…}, {…}, {…}, {…}, {…}, {…}, {…}, {…}, {…}, {…}, {…}, {…}]
VM4311:1 {name: "Bernardus de Causmaecker", sex: "m", born: 1721, died: 1789, father: "Lieven de Causmaecker", …} 21 (39) [{…}, {…}, {…}, {…}, {…}, {…}, {…}, {…}, {…}, {…}, {…}, {…}, {…}, {…}, {…}, {…}, {…}, {…}, {…}, {…}, {…}, {…}, {…}, {…}, {…}, {…}, {…}, {…}, {…}, {…}, {…}, {…}, {…}, {…}, {…}, {…}, {…}, {…}, {…}]
VM4311:1 {name: "Jacoba Lammens", sex: "f", born: 1699, died: 1740, father: "Lieven Lammens", …} 22 (39) [{…}, {…}, {…}, {…}, {…}, {…}, {…}, {…}, {…}, {…}, {…}, {…}, {…}, {…}, {…}, {…}, {…}, {…}, {…}, {…}, {…}, {…}, {…}, {…}, {…}, {…}, {…}, {…}, {…}, {…}, {…}, {…}, {…}, {…}, {…}, {…}, {…}, {…}, {…}]
VM4311:1 {name: "Pieter de Decker", sex: "m", born: 1705, died: 1780, father: "Joos de Decker", …} 23 (39) [{…}, {…}, {…}, {…}, {…}, {…}, {…}, {…}, {…}, {…}, {…}, {…}, {…}, {…}, {…}, {…}, {…}, {…}, {…}, {…}, {…}, {…}, {…}, {…}, {…}, {…}, {…}, {…}, {…}, {…}, {…}, {…}, {…}, {…}, {…}, {…}, {…}, {…}, {…}]
VM4311:1 {name: "Joanna de Pape", sex: "f", born: 1654, died: 1723, father: "Vincent de Pape", …} 24 (39) [{…}, {…}, {…}, {…}, {…}, {…}, {…}, {…}, {…}, {…}, {…}, {…}, {…}, {…}, {…}, {…}, {…}, {…}, {…}, {…}, {…}, {…}, {…}, {…}, {…}, {…}, {…}, {…}, {…}, {…}, {…}, {…}, {…}, {…}, {…}, {…}, {…}, {…}, {…}]
VM4311:1 {name: "Daniel Haverbeke", sex: "m", born: 1652, died: 1723, father: "Lieven Haverbeke", …} 25 (39) [{…}, {…}, {…}, {…}, {…}, {…}, {…}, {…}, {…}, {…}, {…}, {…}, {…}, {…}, {…}, {…}, {…}, {…}, {…}, {…}, {…}, {…}, {…}, {…}, {…}, {…}, {…}, {…}, {…}, {…}, {…}, {…}, {…}, {…}, {…}, {…}, {…}, {…}, {…}]
VM4311:1 {name: "Lieven Haverbeke", sex: "m", born: 1631, died: 1676, father: "Pieter Haverbeke", …} 26 (39) [{…}, {…}, {…}, {…}, {…}, {…}, {…}, {…}, {…}, {…}, {…}, {…}, {…}, {…}, {…}, {…}, {…}, {…}, {…}, {…}, {…}, {…}, {…}, {…}, {…}, {…}, {…}, {…}, {…}, {…}, {…}, {…}, {…}, {…}, {…}, {…}, {…}, {…}, {…}]
VM4311:1 {name: "Martina de Pape", sex: "f", born: 1666, died: 1727, father: "Vincent de Pape", …} 27 (39) [{…}, {…}, {…}, {…}, {…}, {…}, {…}, {…}, {…}, {…}, {…}, {…}, {…}, {…}, {…}, {…}, {…}, {…}, {…}, {…}, {…}, {…}, {…}, {…}, {…}, {…}, {…}, {…}, {…}, {…}, {…}, {…}, {…}, {…}, {…}, {…}, {…}, {…}, {…}]
VM4311:1 {name: "Jan Francies Haverbeke", sex: "m", born: 1725, died: 1779, father: "Pieter Bernard Haverbeke", …} 28 (39) [{…}, {…}, {…}, {…}, {…}, {…}, {…}, {…}, {…}, {…}, {…}, {…}, {…}, {…}, {…}, {…}, {…}, {…}, {…}, {…}, {…}, {…}, {…}, {…}, {…}, {…}, {…}, {…}, {…}, {…}, {…}, {…}, {…}, {…}, {…}, {…}, {…}, {…}, {…}]
VM4311:1 {name: "Maria Haverbeke", sex: "m", born: 1905, died: 1997, father: "Emile Haverbeke", …} 29 (39) [{…}, {…}, {…}, {…}, {…}, {…}, {…}, {…}, {…}, {…}, {…}, {…}, {…}, {…}, {…}, {…}, {…}, {…}, {…}, {…}, {…}, {…}, {…}, {…}, {…}, {…}, {…}, {…}, {…}, {…}, {…}, {…}, {…}, {…}, {…}, {…}, {…}, {…}, {…}]
VM4311:1 {name: "Petronella de Decker", sex: "f", born: 1731, died: 1781, father: "Pieter de Decker", …} 30 (39) [{…}, {…}, {…}, {…}, {…}, {…}, {…}, {…}, {…}, {…}, {…}, {…}, {…}, {…}, {…}, {…}, {…}, {…}, {…}, {…}, {…}, {…}, {…}, {…}, {…}, {…}, {…}, {…}, {…}, {…}, {…}, {…}, {…}, {…}, {…}, {…}, {…}, {…}, {…}]
VM4311:1 {name: "Livina Sierens", sex: "f", born: 1761, died: 1826, father: "Jan Sierens", …} 31 (39) [{…}, {…}, {…}, {…}, {…}, {…}, {…}, {…}, {…}, {…}, {…}, {…}, {…}, {…}, {…}, {…}, {…}, {…}, {…}, {…}, {…}, {…}, {…}, {…}, {…}, {…}, {…}, {…}, {…}, {…}, {…}, {…}, {…}, {…}, {…}, {…}, {…}, {…}, {…}]
VM4311:1 {name: "Laurentia Haverbeke", sex: "f", born: 1710, died: 1786, father: "Jan Haverbeke", …} 32 (39) [{…}, {…}, {…}, {…}, {…}, {…}, {…}, {…}, {…}, {…}, {…}, {…}, {…}, {…}, {…}, {…}, {…}, {…}, {…}, {…}, {…}, {…}, {…}, {…}, {…}, {…}, {…}, {…}, {…}, {…}, {…}, {…}, {…}, {…}, {…}, {…}, {…}, {…}, {…}]
VM4311:1 {name: "Carel Haverbeke", sex: "m", born: 1796, died: 1837, father: "Pieter Antone Haverbeke", …} 33 (39) [{…}, {…}, {…}, {…}, {…}, {…}, {…}, {…}, {…}, {…}, {…}, {…}, {…}, {…}, {…}, {…}, {…}, {…}, {…}, {…}, {…}, {…}, {…}, {…}, {…}, {…}, {…}, {…}, {…}, {…}, {…}, {…}, {…}, {…}, {…}, {…}, {…}, {…}, {…}]
VM4311:1 {name: "Elisabeth Hercke", sex: "f", born: 1632, died: 1674, father: "Willem Hercke", …} 34 (39) [{…}, {…}, {…}, {…}, {…}, {…}, {…}, {…}, {…}, {…}, {…}, {…}, {…}, {…}, {…}, {…}, {…}, {…}, {…}, {…}, {…}, {…}, {…}, {…}, {…}, {…}, {…}, {…}, {…}, {…}, {…}, {…}, {…}, {…}, {…}, {…}, {…}, {…}, {…}]
VM4311:1 {name: "Jan Haverbeke", sex: "m", born: 1671, died: 1731, father: "Lieven Haverbeke", …} 35 (39) [{…}, {…}, {…}, {…}, {…}, {…}, {…}, {…}, {…}, {…}, {…}, {…}, {…}, {…}, {…}, {…}, {…}, {…}, {…}, {…}, {…}, {…}, {…}, {…}, {…}, {…}, {…}, {…}, {…}, {…}, {…}, {…}, {…}, {…}, {…}, {…}, {…}, {…}, {…}]
VM4311:1 {name: "Anna van Hecke", sex: "f", born: 1607, died: 1670, father: "Paschasius van Hecke", …} 36 (39) [{…}, {…}, {…}, {…}, {…}, {…}, {…}, {…}, {…}, {…}, {…}, {…}, {…}, {…}, {…}, {…}, {…}, {…}, {…}, {…}, {…}, {…}, {…}, {…}, {…}, {…}, {…}, {…}, {…}, {…}, {…}, {…}, {…}, {…}, {…}, {…}, {…}, {…}, {…}]
VM4311:1 {name: "Maria Sturm", sex: "f", born: 1835, died: 1917, father: "Charles Sturm", …} 37 (39) [{…}, {…}, {…}, {…}, {…}, {…}, {…}, {…}, {…}, {…}, {…}, {…}, {…}, {…}, {…}, {…}, {…}, {…}, {…}, {…}, {…}, {…}, {…}, {…}, {…}, {…}, {…}, {…}, {…}, {…}, {…}, {…}, {…}, {…}, {…}, {…}, {…}, {…}, {…}]
VM4311:1 {name: "Jacobus Bernardus van Brussel", sex: "m", born: 1736, died: 1809, father: "Jan van Brussel", …} 38 (39) [{…}, {…}, {…}, {…}, {…}, {…}, {…}, {…}, {…}, {…}, {…}, {…}, {…}, {…}, {…}, {…}, {…}, {…}, {…}, {…}, {…}, {…}, {…}, {…}, {…}, {…}, {…}, {…}, {…}, {…}, {…}, {…}, {…}, {…}, {…}, {…}, {…}, {…}, {…}]
(39) [undefined, undefined, undefined, undefined, undefined, undefined, undefined, undefined, undefined, undefined, undefined, undefined, undefined, undefined, undefined, undefined, undefined, undefined, undefined, undefined, undefined, undefined, undefined, undefined, undefined, undefined, undefined, undefined, undefined, undefined, undefined, undefined, undefined, undefined, undefined, undefined, undefined, undefined, undefined]
ancestry
(39) [{…}, {…}, {…}, {…}, {…}, {…}, {…}, {…}, {…}, {…}, {…}, {…}, {…}, {…}, {…}, {…}, {…}, {…}, {…}, {…}, {…}, {…}, {…}, {…}, {…}, {…}, {…}, {…}, {…}, {…}, {…}, {…}, {…}, {…}, {…}, {…}, {…}, {…}, {…}]0: {name: "Carolus Haverbeke", sex: "m", born: 1832, died: 1905, father: "Carel Haverbeke", …}1: {name: "Emma de Milliano", sex: "f", born: 1876, died: 1956, father: "Petrus de Milliano", …}2: {name: "Maria de Rycke", sex: "f", born: 1683, died: 1724, father: "Frederik de Rycke", …}3: {name: "Jan van Brussel", sex: "m", born: 1714, died: 1748, father: "Jacobus van Brussel", …}4: {name: "Philibert Haverbeke", sex: "m", born: 1907, died: 1997, father: "Emile Haverbeke", …}5: {name: "Jan Frans van Brussel", sex: "m", born: 1761, died: 1833, father: "Jacobus Bernardus van Brussel", …}6: {name: "Pauwels van Haverbeke", sex: "m", born: 1535, died: 1582, father: "N. van Haverbeke", …}7: {name: "Clara Aernoudts", sex: "f", born: 1918, died: 2012, father: "Henry Aernoudts", …}8: {name: "Emile Haverbeke", sex: "m", born: 1877, died: 1968, father: "Carolus Haverbeke", …}9: {name: "Lieven de Causmaecker", sex: "m", born: 1696, died: 1724, father: "Carel de Causmaecker", …}10: {name: "Pieter Haverbeke", sex: "m", born: 1602, died: 1642, father: "Lieven van Haverbeke", …}11: {name: "Livina Haverbeke", sex: "f", born: 1692, died: 1743, father: "Daniel Haverbeke", …}12: {name: "Pieter Bernard Haverbeke", sex: "m", born: 1695, died: 1762, father: "Willem Haverbeke", …}13: {name: "Lieven van Haverbeke", sex: "m", born: 1570, died: 1636, father: "Pauwels van Haverbeke", …}14: {name: "Joanna de Causmaecker", sex: "f", born: 1762, died: 1807, father: "Bernardus de Causmaecker", …}15: {name: "Willem Haverbeke", sex: "m", born: 1668, died: 1731, father: "Lieven Haverbeke", …}16: {name: "Pieter Antone Haverbeke", sex: "m", born: 1753, died: 1798, father: "Jan Francies Haverbeke", …}17: {name: "Maria van Brussel", sex: "f", born: 1801, died: 1834, father: "Jan Frans van Brussel", …}18: {name: "Angela Haverbeke", sex: "f", born: 1728, died: 1734, father: "Pieter Bernard Haverbeke", …}19: {name: "Elisabeth Haverbeke", sex: "f", born: 1711, died: 1754, father: "Jan Haverbeke", …}20: {name: "Lievijne Jans", sex: "f", born: 1542, died: 1582, father: null, …}21: {name: "Bernardus de Causmaecker", sex: "m", born: 1721, died: 1789, father: "Lieven de Causmaecker", …}22: {name: "Jacoba Lammens", sex: "f", born: 1699, died: 1740, father: "Lieven Lammens", …}23: {name: "Pieter de Decker", sex: "m", born: 1705, died: 1780, father: "Joos de Decker", …}24: {name: "Joanna de Pape", sex: "f", born: 1654, died: 1723, father: "Vincent de Pape", …}25: {name: "Daniel Haverbeke", sex: "m", born: 1652, died: 1723, father: "Lieven Haverbeke", …}26: {name: "Lieven Haverbeke", sex: "m", born: 1631, died: 1676, father: "Pieter Haverbeke", …}27: {name: "Martina de Pape", sex: "f", born: 1666, died: 1727, father: "Vincent de Pape", …}28: {name: "Jan Francies Haverbeke", sex: "m", born: 1725, died: 1779, father: "Pieter Bernard Haverbeke", …}29: {name: "Maria Haverbeke", sex: "m", born: 1905, died: 1997, father: "Emile Haverbeke", …}30: {name: "Petronella de Decker", sex: "f", born: 1731, died: 1781, father: "Pieter de Decker", …}31: {name: "Livina Sierens", sex: "f", born: 1761, died: 1826, father: "Jan Sierens", …}32: {name: "Laurentia Haverbeke", sex: "f", born: 1710, died: 1786, father: "Jan Haverbeke", …}33: {name: "Carel Haverbeke", sex: "m", born: 1796, died: 1837, father: "Pieter Antone Haverbeke", …}34: {name: "Elisabeth Hercke", sex: "f", born: 1632, died: 1674, father: "Willem Hercke", …}35: {name: "Jan Haverbeke", sex: "m", born: 1671, died: 1731, father: "Lieven Haverbeke", …}36: {name: "Anna van Hecke", sex: "f", born: 1607, died: 1670, father: "Paschasius van Hecke", …}37: {name: "Maria Sturm", sex: "f", born: 1835, died: 1917, father: "Charles Sturm", …}38: {name: "Jacobus Bernardus van Brussel", sex: "m", born: 1736, died: 1809, father: "Jan van Brussel", …}length: 39__proto__: Array(0)
mothersAgeAtBirth(ancestry[14]);
0
ancestry.map(mothersAgeAtBirth);
VM3919:2 Uncaught TypeError: Cannot read property 'born' of undefined
    at mothersBirthYear (<anonymous>:2:34)
    at mothersAgeAtBirth (<anonymous>:3:30)
    at Array.map (<anonymous>)
    at <anonymous>:1:10
mothersBirthYear @ VM3919:2
mothersAgeAtBirth @ VM4051:3
(anonymous) @ VM4339:1
mothersAgeAtBirth(ancestry[15]);
36
mothersAgeAtBirth(ancestry[14]);
0
mothersAgeAtBirth(ancestry[0]);
31
mothersAgeAtBirth(ancestry[2]);
VM3919:2 Uncaught TypeError: Cannot read property 'born' of undefined
    at mothersBirthYear (<anonymous>:2:34)
    at mothersAgeAtBirth (<anonymous>:3:30)
    at <anonymous>:1:1
mothersBirthYear @ VM3919:2
mothersAgeAtBirth @ VM4051:3
(anonymous) @ VM4396:1
mothersAgeAtBirth(ancestry[1]);
VM3919:2 Uncaught TypeError: Cannot read property 'born' of undefined
    at mothersBirthYear (<anonymous>:2:34)
    at mothersAgeAtBirth (<anonymous>:3:30)
    at <anonymous>:1:1
mothersBirthYear @ VM3919:2
mothersAgeAtBirth @ VM4051:3
(anonymous) @ VM4403:1
ancestry[1]
{name: "Emma de Milliano", sex: "f", born: 1876, died: 1956, father: "Petrus de Milliano", …}born: 1876died: 1956father: "Petrus de Milliano"mother: "Sophia van Damme"name: "Emma de Milliano"sex: "f"__proto__: Object
byName["Sophia van Damme"]
undefined
function mothersAgeAtBirth(person) {
    if (!(person.mother === null) && !(byName[person.mother] === null))
        return person.born - mothersBirthYear(person);
    else
        return 0;
}
undefined
ancestry.map(mothersAgeAtBirth);
VM3919:2 Uncaught TypeError: Cannot read property 'born' of undefined
    at mothersBirthYear (<anonymous>:2:34)
    at mothersAgeAtBirth (<anonymous>:3:30)
    at Array.map (<anonymous>)
    at <anonymous>:1:10
mothersBirthYear @ VM3919:2
mothersAgeAtBirth @ VM4467:3
(anonymous) @ VM4469:1
function mothersAgeAtBirth(person) {
    if (!(person.mother === null) && !(byName[person.mother] === null) && !(byName[person.mother].born === null))
        return person.born - mothersBirthYear(person);
    else
        return 0;
}
undefined
ancestry.map(mothersAgeAtBirth);
VM4477:2 Uncaught TypeError: Cannot read property 'born' of undefined
    at mothersAgeAtBirth (<anonymous>:2:99)
    at Array.map (<anonymous>)
    at <anonymous>:1:10
mothersAgeAtBirth @ VM4477:2
(anonymous) @ VM4479:1
ancestry[2]
{name: "Maria de Rycke", sex: "f", born: 1683, died: 1724, father: "Frederik de Rycke", …}born: 1683died: 1724father: "Frederik de Rycke"mother: "Laurentia van Vlaenderen"name: "Maria de Rycke"sex: "f"__proto__: Object
byName["Laurentia van Vlaenderen"]
undefined
function mothersAgeAtBirth(person) {
    if (!(person.mother === null) && !(byName[person.mother] === undefined) && !(byName[person.mother].born === null))
        return person.born - mothersBirthYear(person);
    else
        return 0;
}
undefined
ancestry.map(mothersAgeAtBirth);
(39) [31, 0, 0, 0, 31, 0, 0, 0, 42, 0, 0, 38, 0, 28, 0, 36, 22, 39, 0, 28, 0, 29, 0, 0, 0, 20, 24, 0, 0, 29, 39, 0, 27, 35, 0, 39, 0, 0, 25]
average(ancestry.map(mothersAgeAtBirth));
14.41025641025641
function mothersAgeAtBirth(person) {
    if (!(person.mother === null) && !(byName[person.mother] === undefined))
        return person.born - mothersBirthYear(person);
    else
        return 0;
}
undefined
ancestry.map(mothersAgeAtBirth);
(39) [31, 0, 0, 0, 31, 0, 0, 0, 42, 0, 0, 38, 0, 28, 0, 36, 22, 39, 0, 28, 0, 29, 0, 0, 0, 20, 24, 0, 0, 29, 39, 0, 27, 35, 0, 39, 0, 0, 25]
average(ancestry.map(mothersAgeAtBirth));
14.41025641025641
