02_program_structure.html:1 Slow network is detected. Fallback font will be used while loading: http://eloquentjavascript.net/font/cinzel_bold.woff
var theNumber = Number(prompt("Pick a number", ""));
undefined
02_program_structure.html:1 A window.prompt() dialog generated by this page was suppressed because this page is not the active tab of the front window. Please make sure your dialogs are triggered by user interactions to avoid this situation. https://www.chromestatus.com/feature/5637107137642496
var theNumber = Number("4");
undefined
if (!isNan(theNumber))
    console.log("Your number is the square root of " + theNumber * theNumber);
VM328:1 Uncaught ReferenceError: isNan is not defined
    at <anonymous>:1:1
(anonymous) @ VM328:1
if (!isNaN(theNumber))
    console.log("Your number is the square root of " + theNumber * theNumber);
VM333:2 Your number is the square root of 16
undefined
var theNumber = Number("four");
undefined
if (!isNaN(theNumber))
    console.log("Your number is the square root of " + theNumber * theNumber);
undefined
if (!isNaN(theNumber))
    console.log("Your number is the square root of " + theNumber * theNumber);
undefined
else
VM384:1 Uncaught SyntaxError: Unexpected token else
if (!isNaN(theNumber))
    console.log("Your number is the square root of " + theNumber * theNumber); else console.log("Hey. Why didn't you give me a number?");
VM406:2 Hey. Why didn't you give me a number?
undefined
var theNumber = Number("4");
undefined
if (!isNaN(theNumber))
    console.log("Your number is the square root of " + theNumber * theNumber); else console.log("Hey. Why didn't you give me a number?");
VM408:2 Your number is the square root of 16
undefined
var theNumber = Number("asdfasdf");
undefined
if (!isNaN(theNumber))
    console.log("Your number is the square root of " + theNumber * theNumber); else console.log("Hey. Why didn't you give me a number?");
VM410:2 Hey. Why didn't you give me a number?
undefined
var num = Number("0");
undefined
if (num < 10) console.log("Small"); else if (num < 100) console.log("Medium"); else console.log("Large");
VM514:1 Small
undefined
var num = Number("10");
undefined
if (num < 10) console.log("Small"); else if (num < 100) console.log("Medium"); else console.log("Large");
VM517:1 Medium
undefined
var num = Number("100");
undefined
if (num < 10) console.log("Small"); else if (num < 100) console.log("Medium"); else console.log("Large");
VM520:1 Large
undefined
var number = 0;
undefined
while (number <= 12) {console.log(number); number = number + 2; }
VM594:1 0
VM594:1 2
VM594:1 4
VM594:1 6
VM594:1 8
VM594:1 10
VM594:1 12
14
var result = 1;
undefined
var counter = 0;
undefined
while (counter < 10) {
    result = result * 2;
    counter = counter + 1;
}
10
console.log(result);
VM733:1 1024
undefined
for (var number = 0; number <= 12; number = number + 2) console.log(number);
VM860:1 0
VM860:1 2
VM860:1 4
VM860:1 6
VM860:1 8
VM860:1 10
VM860:1 12
undefined
var result = 1;
undefined
for (var counter = 0; counter < 10; counter = counter + 1) result = result * 2; console.log(result);
VM1006:1 1024
undefined
for (var current = 20;;current++) { if (current % 7 == 0) break; } console.log(current);
VM1120:1 21
undefined
counter = counter + 1;
11
counter += 1;
12
for (var number = 0; number <= 12; number += 2) console.log(number);
VM1183:1 0
VM1183:1 2
VM1183:1 4
VM1183:1 6
VM1183:1 8
VM1183:1 10
VM1183:1 12
undefined
counter += 1;
13
counter -= 1;
12
counter /= 2;
6
var abc = "abc";
undefined
console.log(abc.length);
VM1225:1 3
undefined
var counter = 0;
undefined
var triangleBlock = "#"; var triangleLines = "";
undefined
do{triangleLines = triangleLines + triangleBlock;console.log(triangleLines)} while (triangleLines.length < 7);
VM1455:1 #
VM1455:1 ##
VM1455:1 ###
VM1455:1 ####
VM1455:1 #####
VM1455:1 ######
VM1455:1 #######
undefined
for (var number = 0; number <= 100; number++) {
    if(!(number % 3)) {
        console.log("Fizz");
    } if (!(number % 5) console.log("Buzz");}
VM1636:4 Uncaught SyntaxError: Unexpected identifier
for (var number = 0; number <= 100; number++) {
    if(!(number % 3)) console.log("Fizz");
    if(!(number % 5)) console.log("Buzz");
}
VM1645:2 Fizz
VM1645:3 Buzz
VM1645:2 Fizz
VM1645:3 Buzz
VM1645:2 Fizz
VM1645:2 Fizz
VM1645:3 Buzz
VM1645:2 Fizz
VM1645:2 Fizz
VM1645:3 Buzz
VM1645:2 Fizz
VM1645:3 Buzz
VM1645:2 Fizz
VM1645:2 Fizz
VM1645:3 Buzz
VM1645:2 Fizz
VM1645:2 Fizz
VM1645:3 Buzz
VM1645:2 Fizz
VM1645:3 Buzz
VM1645:2 Fizz
VM1645:2 Fizz
VM1645:3 Buzz
VM1645:2 Fizz
VM1645:2 Fizz
VM1645:3 Buzz
VM1645:2 Fizz
VM1645:3 Buzz
VM1645:2 Fizz
VM1645:2 Fizz
VM1645:3 Buzz
VM1645:2 Fizz
VM1645:2 Fizz
VM1645:3 Buzz
VM1645:2 Fizz
VM1645:3 Buzz
VM1645:2 Fizz
VM1645:2 Fizz
VM1645:3 Buzz
VM1645:2 Fizz
VM1645:2 Fizz
VM1645:3 Buzz
VM1645:2 Fizz
VM1645:3 Buzz
VM1645:2 Fizz
VM1645:2 Fizz
VM1645:3 Buzz
VM1645:2 Fizz
VM1645:2 Fizz
VM1645:3 Buzz
VM1645:2 Fizz
VM1645:3 Buzz
VM1645:2 Fizz
VM1645:2 Fizz
VM1645:3 Buzz
undefined
for (var number = 0; number <= 100; number++) {
    output = number;if(!(number % 3)) console.log("Fizz");
    if(!(number % 5)) console.log("Buzz");
}
VM1674:2 Fizz
VM1674:3 Buzz
VM1674:2 Fizz
VM1674:3 Buzz
VM1674:2 Fizz
VM1674:2 Fizz
VM1674:3 Buzz
VM1674:2 Fizz
VM1674:2 Fizz
VM1674:3 Buzz
VM1674:2 Fizz
VM1674:3 Buzz
VM1674:2 Fizz
VM1674:2 Fizz
VM1674:3 Buzz
VM1674:2 Fizz
VM1674:2 Fizz
VM1674:3 Buzz
VM1674:2 Fizz
VM1674:3 Buzz
VM1674:2 Fizz
VM1674:2 Fizz
VM1674:3 Buzz
VM1674:2 Fizz
VM1674:2 Fizz
VM1674:3 Buzz
VM1674:2 Fizz
VM1674:3 Buzz
VM1674:2 Fizz
VM1674:2 Fizz
VM1674:3 Buzz
VM1674:2 Fizz
VM1674:2 Fizz
VM1674:3 Buzz
VM1674:2 Fizz
VM1674:3 Buzz
VM1674:2 Fizz
VM1674:2 Fizz
VM1674:3 Buzz
VM1674:2 Fizz
VM1674:2 Fizz
VM1674:3 Buzz
VM1674:2 Fizz
VM1674:3 Buzz
VM1674:2 Fizz
VM1674:2 Fizz
VM1674:3 Buzz
VM1674:2 Fizz
VM1674:2 Fizz
VM1674:3 Buzz
VM1674:2 Fizz
VM1674:3 Buzz
VM1674:2 Fizz
VM1674:2 Fizz
VM1674:3 Buzz
undefined
for (var number = 0; number <= 100; number++) {
    output = "";
	if(!(number % 3)) output = "Fizz";
    if(!(number % 5)) output = output + "Buzz";
	if(output) console.log(number) else console.log(output);
}
VM1811:5 Uncaught SyntaxError: Unexpected token else
for (var number = 0; number <= 100; number++) {
    output = "";
	if(!(number % 3)) output = "Fizz";
    if(!(number % 5)) output = output + "Buzz";
	if(output) console.log(number); else console.log(output);
}
VM1812:5 0
VM1812:5 
VM1812:5 
VM1812:5 3
VM1812:5 
VM1812:5 5
VM1812:5 6
VM1812:5 
VM1812:5 
VM1812:5 9
VM1812:5 10
VM1812:5 
VM1812:5 12
VM1812:5 
VM1812:5 
VM1812:5 15
VM1812:5 
VM1812:5 
VM1812:5 18
VM1812:5 
VM1812:5 20
VM1812:5 21
VM1812:5 
VM1812:5 
VM1812:5 24
VM1812:5 25
VM1812:5 
VM1812:5 27
VM1812:5 
VM1812:5 
VM1812:5 30
VM1812:5 
VM1812:5 
VM1812:5 33
VM1812:5 
VM1812:5 35
VM1812:5 36
VM1812:5 
VM1812:5 
VM1812:5 39
VM1812:5 40
VM1812:5 
VM1812:5 42
VM1812:5 
VM1812:5 
VM1812:5 45
VM1812:5 
VM1812:5 
VM1812:5 48
VM1812:5 
VM1812:5 50
VM1812:5 51
VM1812:5 
VM1812:5 
VM1812:5 54
VM1812:5 55
VM1812:5 
VM1812:5 57
VM1812:5 
VM1812:5 
VM1812:5 60
VM1812:5 
VM1812:5 
VM1812:5 63
VM1812:5 
VM1812:5 65
VM1812:5 66
VM1812:5 
VM1812:5 
VM1812:5 69
VM1812:5 70
VM1812:5 
VM1812:5 72
VM1812:5 
VM1812:5 
VM1812:5 75
VM1812:5 
VM1812:5 
VM1812:5 78
VM1812:5 
VM1812:5 80
VM1812:5 81
VM1812:5 
VM1812:5 
VM1812:5 84
VM1812:5 85
VM1812:5 
VM1812:5 87
VM1812:5 
VM1812:5 
VM1812:5 90
VM1812:5 
VM1812:5 
VM1812:5 93
VM1812:5 
VM1812:5 95
VM1812:5 96
VM1812:5 
VM1812:5 
VM1812:5 99
VM1812:5 100
undefined
output = "Fizz";
"Fizz"
output
"Fizz"
output = output + "Buzz";
"FizzBuzz"
output
"FizzBuzz"
for (var number = 0; number <= 100; number++) {
    output = "";
	if(!(number % 3)) output = "Fizz";
    if(!(number % 5)) output = output + "Buzz";
	if(output) {console.log(number);} else console.log(output);
}
VM1881:5 0
VM1881:5 
VM1881:5 
VM1881:5 3
VM1881:5 
VM1881:5 5
VM1881:5 6
VM1881:5 
VM1881:5 
VM1881:5 9
VM1881:5 10
VM1881:5 
VM1881:5 12
VM1881:5 
VM1881:5 
VM1881:5 15
VM1881:5 
VM1881:5 
VM1881:5 18
VM1881:5 
VM1881:5 20
VM1881:5 21
VM1881:5 
VM1881:5 
VM1881:5 24
VM1881:5 25
VM1881:5 
VM1881:5 27
VM1881:5 
VM1881:5 
VM1881:5 30
VM1881:5 
VM1881:5 
VM1881:5 33
VM1881:5 
VM1881:5 35
VM1881:5 36
VM1881:5 
VM1881:5 
VM1881:5 39
VM1881:5 40
VM1881:5 
VM1881:5 42
VM1881:5 
VM1881:5 
VM1881:5 45
VM1881:5 
VM1881:5 
VM1881:5 48
VM1881:5 
VM1881:5 50
VM1881:5 51
VM1881:5 
VM1881:5 
VM1881:5 54
VM1881:5 55
VM1881:5 
VM1881:5 57
VM1881:5 
VM1881:5 
VM1881:5 60
VM1881:5 
VM1881:5 
VM1881:5 63
VM1881:5 
VM1881:5 65
VM1881:5 66
VM1881:5 
VM1881:5 
VM1881:5 69
VM1881:5 70
VM1881:5 
VM1881:5 72
VM1881:5 
VM1881:5 
VM1881:5 75
VM1881:5 
VM1881:5 
VM1881:5 78
VM1881:5 
VM1881:5 80
VM1881:5 81
VM1881:5 
VM1881:5 
VM1881:5 84
VM1881:5 85
VM1881:5 
VM1881:5 87
VM1881:5 
VM1881:5 
VM1881:5 90
VM1881:5 
VM1881:5 
VM1881:5 93
VM1881:5 
VM1881:5 95
VM1881:5 96
VM1881:5 
VM1881:5 
VM1881:5 99
VM1881:5 100
undefined
for (var number = 0; number <= 100; number++) {
    output = "";
	if((number % 3 == 0)) {
      output = "Fizz";
    }
    if((number % 5 == 0)) {
      output = output + "Buzz";
    }
//  console.log(output, number);
	if(output.length == 0) {
      console.log(number);
    } else {
      console.log(output);
    }
  
}
VM1891:13 FizzBuzz
VM1891:11 1
VM1891:11 2
VM1891:13 Fizz
VM1891:11 4
VM1891:13 Buzz
VM1891:13 Fizz
VM1891:11 7
VM1891:11 8
VM1891:13 Fizz
VM1891:13 Buzz
VM1891:11 11
VM1891:13 Fizz
VM1891:11 13
VM1891:11 14
VM1891:13 FizzBuzz
VM1891:11 16
VM1891:11 17
VM1891:13 Fizz
VM1891:11 19
VM1891:13 Buzz
VM1891:13 Fizz
VM1891:11 22
VM1891:11 23
VM1891:13 Fizz
VM1891:13 Buzz
VM1891:11 26
VM1891:13 Fizz
VM1891:11 28
VM1891:11 29
VM1891:13 FizzBuzz
VM1891:11 31
VM1891:11 32
VM1891:13 Fizz
VM1891:11 34
VM1891:13 Buzz
VM1891:13 Fizz
VM1891:11 37
VM1891:11 38
VM1891:13 Fizz
VM1891:13 Buzz
VM1891:11 41
VM1891:13 Fizz
VM1891:11 43
VM1891:11 44
VM1891:13 FizzBuzz
VM1891:11 46
VM1891:11 47
VM1891:13 Fizz
VM1891:11 49
VM1891:13 Buzz
VM1891:13 Fizz
VM1891:11 52
VM1891:11 53
VM1891:13 Fizz
VM1891:13 Buzz
VM1891:11 56
VM1891:13 Fizz
VM1891:11 58
VM1891:11 59
VM1891:13 FizzBuzz
VM1891:11 61
VM1891:11 62
VM1891:13 Fizz
VM1891:11 64
VM1891:13 Buzz
VM1891:13 Fizz
VM1891:11 67
VM1891:11 68
VM1891:13 Fizz
VM1891:13 Buzz
VM1891:11 71
VM1891:13 Fizz
VM1891:11 73
VM1891:11 74
VM1891:13 FizzBuzz
VM1891:11 76
VM1891:11 77
VM1891:13 Fizz
VM1891:11 79
VM1891:13 Buzz
VM1891:13 Fizz
VM1891:11 82
VM1891:11 83
VM1891:13 Fizz
VM1891:13 Buzz
VM1891:11 86
VM1891:13 Fizz
VM1891:11 88
VM1891:11 89
VM1891:13 FizzBuzz
VM1891:11 91
VM1891:11 92
VM1891:13 Fizz
VM1891:11 94
VM1891:13 Buzz
VM1891:13 Fizz
VM1891:11 97
VM1891:11 98
VM1891:13 Fizz
VM1891:13 Buzz
undefined
for (var number = 1; number <= 100; number++) {
    output = "";
	if((number % 3 == 0)) {
      output = "Fizz";
    }
    if((number % 5 == 0)) {
      output = output + "Buzz";
    }
//  console.log(output, number);
	if(output.length == 0) {
      console.log(number);
    } else {
      console.log(output);
    }
  
}
VM1892:11 1
VM1892:11 2
VM1892:13 Fizz
VM1892:11 4
VM1892:13 Buzz
VM1892:13 Fizz
VM1892:11 7
VM1892:11 8
VM1892:13 Fizz
VM1892:13 Buzz
VM1892:11 11
VM1892:13 Fizz
VM1892:11 13
VM1892:11 14
VM1892:13 FizzBuzz
VM1892:11 16
VM1892:11 17
VM1892:13 Fizz
VM1892:11 19
VM1892:13 Buzz
VM1892:13 Fizz
VM1892:11 22
VM1892:11 23
VM1892:13 Fizz
VM1892:13 Buzz
VM1892:11 26
VM1892:13 Fizz
VM1892:11 28
VM1892:11 29
VM1892:13 FizzBuzz
VM1892:11 31
VM1892:11 32
VM1892:13 Fizz
VM1892:11 34
VM1892:13 Buzz
VM1892:13 Fizz
VM1892:11 37
VM1892:11 38
VM1892:13 Fizz
VM1892:13 Buzz
VM1892:11 41
VM1892:13 Fizz
VM1892:11 43
VM1892:11 44
VM1892:13 FizzBuzz
VM1892:11 46
VM1892:11 47
VM1892:13 Fizz
VM1892:11 49
VM1892:13 Buzz
VM1892:13 Fizz
VM1892:11 52
VM1892:11 53
VM1892:13 Fizz
VM1892:13 Buzz
VM1892:11 56
VM1892:13 Fizz
VM1892:11 58
VM1892:11 59
VM1892:13 FizzBuzz
VM1892:11 61
VM1892:11 62
VM1892:13 Fizz
VM1892:11 64
VM1892:13 Buzz
VM1892:13 Fizz
VM1892:11 67
VM1892:11 68
VM1892:13 Fizz
VM1892:13 Buzz
VM1892:11 71
VM1892:13 Fizz
VM1892:11 73
VM1892:11 74
VM1892:13 FizzBuzz
VM1892:11 76
VM1892:11 77
VM1892:13 Fizz
VM1892:11 79
VM1892:13 Buzz
VM1892:13 Fizz
VM1892:11 82
VM1892:11 83
VM1892:13 Fizz
VM1892:13 Buzz
VM1892:11 86
VM1892:13 Fizz
VM1892:11 88
VM1892:11 89
VM1892:13 FizzBuzz
VM1892:11 91
VM1892:11 92
VM1892:13 Fizz
VM1892:11 94
VM1892:13 Buzz
VM1892:13 Fizz
VM1892:11 97
VM1892:11 98
VM1892:13 Fizz
VM1892:13 Buzz
undefined
var size = 8;
undefined
for (columns = 0 ; columns < size; columns += 2) {
    for (rows = 0 ; rows < size; rows +=2) {
        tableString = tableString + field;
        if (field = " ") field = "#"; else field = " ";
    }; tableString = tableString + "\n";
} 
VM2223:3 Uncaught ReferenceError: tableString is not defined
    at <anonymous>:3:9
(anonymous) @ VM2223:3
var tablesTring = "";
undefined
var field = " ";
undefined
for (columns = 0 ; columns < size; columns += 2) {
    for (rows = 0 ; rows < size; rows +=2) {
        tableString = tableString + field;
        if (field = " ") field = "#"; else field = " ";
    }; tableString = tableString + "\n";
} 
VM2246:3 Uncaught ReferenceError: tableString is not defined
    at <anonymous>:3:9
(anonymous) @ VM2246:3
var tableString = "";
undefined
for (columns = 0 ; columns < size; columns += 2) {
    for (rows = 0 ; rows < size; rows +=2) {
        tableString = tableString + field;
        if (field = " ") field = "#"; else field = " ";
    }; tableString = tableString + "\n";
} 
" ###
####
####
####
"
console.log(tableString);
VM2290:1  ###
####
####
####

undefined
for (columns = 0 ; columns < size; columns += 1) {
    for (rows = 0 ; rows < size; rows +=1) {
        tableString = tableString + field;
        if (field = " ") field = "#"; else field = " ";
    }; tableString = tableString + "\n";
} 
" ###
####
####
####
########
########
########
########
########
########
########
########
"
var tableString = "";
undefined
for (columns = 0 ; columns < size; columns += 1) {
    for (rows = 0 ; rows < size; rows +=1) {
        tableString = tableString + field;
        if (field = " ") {field = "#"; else field = " ";
    }; tableString = tableString + "\n";
} 
VM2294:4 Uncaught SyntaxError: Unexpected token else
for (columns = 0 ; columns < size; columns += 1) {
    for (rows = 0 ; rows < size; rows +=1) {
        tableString = tableString + field;
        if (field = " ") {
			field = "#";
        } else {
			field = " ";
        }
    }; tableString = tableString + "\n";
} 
"########
########
########
########
########
########
########
########
"
field
"#"
for (columns = 0 ; columns < size; columns += 1) {
    for (rows = 0 ; rows < size; rows +=1) {
        tableString = tableString + field;
        if (field == " ") {
			field = "#";
        } else {
			field = " ";
        }
    }; tableString = tableString + "\n";
} 
"########
########
########
########
########
########
########
########
# # # # 
# # # # 
# # # # 
# # # # 
# # # # 
# # # # 
# # # # 
# # # # 
"
var tableString = "";
undefined
for (columns = 0 ; columns < size; columns += 1) {
    for (rows = 0 ; rows < size; rows +=1) {
        tableString = tableString + field;
        if (field == " ") {
			field = "#";
        } else {
			field = " ";
        }
    }; tableString = tableString + "\n";
} 
"# # # # 
# # # # 
# # # # 
# # # # 
# # # # 
# # # # 
# # # # 
# # # # 
"
var tableString = "";
undefined
var size = 7;
undefined
var tableString = "";
undefined
for (columns = 0 ; columns < size; columns += 1) {
    for (rows = 0 ; rows < size; rows +=1) {
        tableString = tableString + field;
        if (field == " ") {
			field = "#";
        } else {
			field = " ";
        }
    }; tableString = tableString + "\n";
} 
"# # # #
 # # # 
# # # #
 # # # 
# # # #
 # # # 
# # # #
"
var tableString = "";
undefined
for (columns = 0 ; columns < size; columns += 1) {
    for (rows = 0 ; rows < size; rows +=1) {
        tableString = tableString + field;
        if (field == " ") {
			field = "#";
        } else {
			field = " ";
        }
    };
tableString = tableString + "\n";
if (size % 2 == 0) {if (field == " ") {
			field = "#";
        } else {
			field = " ";
        }}
} 
undefined
var tableString = "";
undefined
for (columns = 0 ; columns < size; columns += 1) {
    for (rows = 0 ; rows < size; rows +=1) {
        tableString = tableString + field;
        if (field == " ") {
			field = "#";
        } else {
			field = " ";
        }
    };
tableString = tableString + "\n";
if (size % 2 == 0) {
	if (field == " ") {
			field = "#";
        } else {
			field = " ";
        }}
} 
undefined
tableString
"# # # #
 # # # 
# # # #
 # # # 
# # # #
 # # # 
# # # #
"
var tableString = "";
undefined
var size = 13;
undefined
for (columns = 0 ; columns < size; columns += 1) {
    for (rows = 0 ; rows < size; rows +=1) {
        tableString = tableString + field;
        if (field == " ") {
			field = "#";
        } else {
			field = " ";
        }
    };
tableString = tableString + "\n";
if (size % 2 == 0) {
	if (field == " ") {
			field = "#";
        } else {
			field = " ";
        }}
} 
undefined
tableString
" # # # # # # 
# # # # # # #
 # # # # # # 
# # # # # # #
 # # # # # # 
# # # # # # #
 # # # # # # 
# # # # # # #
 # # # # # # 
# # # # # # #
 # # # # # # 
# # # # # # #
 # # # # # # 
"
var size = 14;
undefined
var tableString = "";
undefined
for (columns = 0 ; columns < size; columns += 1) {
    for (rows = 0 ; rows < size; rows +=1) {
        tableString = tableString + field;
        if (field == " ") {
			field = "#";
        } else {
			field = " ";
        }
    };
tableString = tableString + "\n";
if (size % 2 == 0) {
	if (field == " ") {
			field = "#";
        } else {
			field = " ";
        }}
} 
"#"
var tableString = "";
undefined
for (columns = 0 ; columns < size; columns += 1) {
    for (rows = 0 ; rows < size; rows +=1) {
        tableString = tableString + field;
        if (field == " ") {
			field = "#";
        } else {
			field = " ";
        }
    };
tableString = tableString + "\n";
if (size % 2 == 0) {
	if (field == " ") {
			field = "#";
        } else {
			field = " ";
        }}
} 
"#"
tableString
"# # # # # # # 
 # # # # # # #
# # # # # # # 
 # # # # # # #
# # # # # # # 
 # # # # # # #
# # # # # # # 
 # # # # # # #
# # # # # # # 
 # # # # # # #
# # # # # # # 
 # # # # # # #
# # # # # # # 
 # # # # # # #
"
var tableString = "";
undefined
var size = 8;
undefined
for (columns = 0 ; columns < size; columns += 1) {
    for (rows = 0 ; rows < size; rows +=1) {
        tableString = tableString + field;
        if (field == " ") {
			field = "#";
        } else {
			field = " ";
        }
    };
tableString = tableString + "\n";
if (size % 2 == 0) {
	if (field == " ") {
			field = "#";
        } else {
			field = " ";
        }}
} 
"#"
tableString
"# # # # 
 # # # #
# # # # 
 # # # #
# # # # 
 # # # #
# # # # 
 # # # #
"
var size = 7;
undefined
var tableString = "";
undefined
for (columns = 0 ; columns < size; columns += 1) {
    for (rows = 0 ; rows < size; rows +=1) {
        tableString = tableString + field;
        if (field == " ") {
			field = "#";
        } else {
			field = " ";
        }
    };
tableString = tableString + "\n";
if (size % 2 == 0) {
	if (field == " ") {
			field = "#";
        } else {
			field = " ";
        }}
} 
undefined
console.log(tableString);
VM2422:1 # # # #
 # # # 
# # # #
 # # # 
# # # #
 # # # 
# # # #

undefined
var tableString = "";
undefined
var size = 8;
undefined
for (columns = 0 ; columns < size; columns += 1) {
    for (rows = 0 ; rows < size; rows +=1) {
        tableString = tableString + field;
        if (field == " ") {
			field = "#";
        } else {
			field = " ";
        }
    };
tableString = tableString + "\n";
if (size % 2 == 0) {
	if (field == " ") {
			field = "#";
        } else {
			field = " ";
        }}
} 
" "
console.log(tableString);
VM2428:1  # # # #
# # # # 
 # # # #
# # # # 
 # # # #
# # # # 
 # # # #
# # # # 

undefined
var flipField(field) {
VM2430:1 Uncaught SyntaxError: Unexpected token (
function flipField(field) {
    if (field == " ") {
                        field = "#";
        } else {
                        field = " ";
        }
    return field;
}
undefined
flipField(" ");
"#"
flipField("#");
" "
for (columns = 0 ; columns < size; columns += 1) {
    for (rows = 0 ; rows < size; rows +=1) {
        tableString = tableString + field;
        field=flipField(field)
    };
tableString = tableString + "\n";
if (size % 2 == 0) field=flipField(field)
} 
" "
tableString
" # # # #
# # # # 
 # # # #
# # # # 
 # # # #
# # # # 
 # # # #
# # # # 
 # # # #
# # # # 
 # # # #
# # # # 
 # # # #
# # # # 
 # # # #
# # # # 
"
var size = 8; // or var size = 7;
var tableString = "";

function flipField(field) {
    if (field == " ") {
                        field = "#";
        } else {
                        field = " ";
        }
    return field;
}

for (columns = 0 ; columns < size; columns += 1) {
    for (rows = 0 ; rows < size; rows +=1) {
        tableString = tableString + field;
        field=flipField(field)
    };
    tableString = tableString + "\n";
    if (size % 2 == 0) field=flipField(field)
}
" "
console.log(tableString);
VM2591:1  # # # #
# # # # 
 # # # #
# # # # 
 # # # #
# # # # 
 # # # #
# # # # 

undefined
var size = 13; // or var size = 7;
var tableString = "";

function flipField(field) {
    if (field == " ") {
                        field = "#";
        } else {
                        field = " ";
        }
    return field;
}

for (columns = 0 ; columns < size; columns += 1) {
    for (rows = 0 ; rows < size; rows +=1) {
        tableString = tableString + field;
        field=flipField(field)
    };
    tableString = tableString + "\n";
    if (size % 2 == 0) field=flipField(field)
}
undefined
console.log(tableString);
VM2594:1  # # # # # # 
# # # # # # #
 # # # # # # 
# # # # # # #
 # # # # # # 
# # # # # # #
 # # # # # # 
# # # # # # #
 # # # # # # 
# # # # # # #
 # # # # # # 
# # # # # # #
 # # # # # # 

undefined
